#
# There is insufficient memory for the Java Runtime Environment to continue.
# Native memory allocation (malloc) failed to allocate 969456 bytes for Chunk::new
# Possible reasons:
#   The system is out of physical RAM or swap space
#   The process is running with CompressedOops enabled, and the Java Heap may be blocking the growth of the native heap
# Possible solutions:
#   Reduce memory load on the system
#   Increase physical memory or swap space
#   Check if swap backing store is full
#   Decrease Java heap size (-Xmx/-Xms)
#   Decrease number of Java threads
#   Decrease Java thread stack sizes (-Xss)
#   Set larger code cache with -XX:ReservedCodeCacheSize=
#   JVM is running with Zero Based Compressed Oops mode in which the Java heap is
#     placed in the first 32GB address space. The Java Heap base address is the
#     maximum limit for the native heap growth. Please use -XX:HeapBaseMinAddress
#     to set the Java Heap base and to place the Java Heap above 32GB virtual address.
# This output file may be truncated or incomplete.
#
#  Out of Memory Error (arena.cpp:184), pid=8056, tid=624
#
# JRE version: Java(TM) SE Runtime Environment (20.0.2+9) (build 20.0.2+9-78)
# Java VM: Java HotSpot(TM) 64-Bit Server VM (20.0.2+9-78, mixed mode, sharing, tiered, compressed oops, compressed class ptrs, g1 gc, windows-amd64)
# No core dump will be written. Minidumps are not enabled by default on client versions of Windows
#

---------------  S U M M A R Y ------------

Command Line: -javaagent:C:\Program Files\JetBrains\IntelliJ IDEA 2023.1.4\lib\idea_rt.jar=52487:C:\Program Files\JetBrains\IntelliJ IDEA 2023.1.4\bin -Dfile.encoding=UTF-8 -Dsun.stdout.encoding=UTF-8 -Dsun.stderr.encoding=UTF-8 com.example.demo.ProyectoFinalApplication

Host: Intel(R) Core(TM) i7-7700HQ CPU @ 2.80GHz, 8 cores, 11G,  Windows 10 , 64 bit Build 19041 (10.0.19041.3155)
Time: Mon Aug  7 23:08:36 2023 Hora estándar de Bahía elapsed time: 46.889325 seconds (0d 0h 0m 46s)

---------------  T H R E A D  ---------------

Current thread (0x000002ed73aba9f0):  JavaThread "C2 CompilerThread1" daemon [_thread_in_native, id=624, stack(0x000000fbbf500000,0x000000fbbf600000)]


Current CompileTask:
C2:  46889 10758       4       org.apache.coyote.http11.filters.ChunkedOutputFilter::doWrite (87 bytes)

Stack: [0x000000fbbf500000,0x000000fbbf600000]
Native frames: (J=compiled Java code, j=interpreted, Vv=VM code, C=native code)
V  [jvm.dll+0x6bc25a]
V  [jvm.dll+0x84971a]
V  [jvm.dll+0x84b315]
V  [jvm.dll+0x84ba13]
V  [jvm.dll+0x280e4f]
V  [jvm.dll+0xc2ab1]
V  [jvm.dll+0xc2dd5]
V  [jvm.dll+0x3bb612]
V  [jvm.dll+0x385b75]
V  [jvm.dll+0x384fea]
V  [jvm.dll+0x24b529]
V  [jvm.dll+0x24a921]
V  [jvm.dll+0x1ce761]
V  [jvm.dll+0x25a0eb]
V  [jvm.dll+0x2587c0]
V  [jvm.dll+0x3f2dd5]
V  [jvm.dll+0x7f5c76]
V  [jvm.dll+0x6baecb]
C  [ucrtbase.dll+0x21bb2]
C  [KERNEL32.DLL+0x17614]
C  [ntdll.dll+0x526b1]


---------------  P R O C E S S  ---------------

Threads class SMR info:
_java_thread_list=0x000002ed70758320, length=33, elements={
0x000002ed2abe2170, 0x000002ed2abe2b80, 0x000002ed2abe63e0, 0x000002ed2abe8fd0,
0x000002ed2abebcd0, 0x000002ed2abee9d0, 0x000002ed2abf6f00, 0x000002ed2abf9c40,
0x000002ed2abae740, 0x000002ed7035e260, 0x000002ed7025a750, 0x000002ed720e0110,
0x000002ed720df120, 0x000002ed720debd0, 0x000002ed720df670, 0x000002ed720e1100,
0x000002ed720dfbc0, 0x000002ed720de680, 0x000002ed720e0bb0, 0x000002ed74d0c5f0,
0x000002ed74d0cb40, 0x000002ed74d0e080, 0x000002ed74d0d090, 0x000002ed74d0e5d0,
0x000002ed74d0b0b0, 0x000002ed74d0b600, 0x000002ed74d0bb50, 0x000002ed74d0c0a0,
0x000002ed74d0d5e0, 0x000002ed74d0db30, 0x000002ed71e9aa90, 0x000002ed71e98010,
0x000002ed73aba9f0
}

Java Threads: ( => current thread )
  0x000002ed2abe2170 JavaThread "Reference Handler" daemon [_thread_blocked, id=5696, stack(0x000000fbbe100000,0x000000fbbe200000)]
  0x000002ed2abe2b80 JavaThread "Finalizer" daemon [_thread_blocked, id=13872, stack(0x000000fbbe200000,0x000000fbbe300000)]
  0x000002ed2abe63e0 JavaThread "Signal Dispatcher" daemon [_thread_blocked, id=8124, stack(0x000000fbbe300000,0x000000fbbe400000)]
  0x000002ed2abe8fd0 JavaThread "Attach Listener" daemon [_thread_blocked, id=13688, stack(0x000000fbbe400000,0x000000fbbe500000)]
  0x000002ed2abebcd0 JavaThread "Service Thread" daemon [_thread_blocked, id=1548, stack(0x000000fbbe500000,0x000000fbbe600000)]
  0x000002ed2abee9d0 JavaThread "Monitor Deflation Thread" daemon [_thread_blocked, id=13168, stack(0x000000fbbe600000,0x000000fbbe700000)]
  0x000002ed2abf6f00 JavaThread "C2 CompilerThread0" daemon [_thread_in_native, id=7920, stack(0x000000fbbe700000,0x000000fbbe800000)]
  0x000002ed2abf9c40 JavaThread "C1 CompilerThread0" daemon [_thread_blocked, id=12404, stack(0x000000fbbe800000,0x000000fbbe900000)]
  0x000002ed2abae740 JavaThread "Common-Cleaner" daemon [_thread_blocked, id=5740, stack(0x000000fbbe900000,0x000000fbbea00000)]
  0x000002ed7035e260 JavaThread "Monitor Ctrl-Break" daemon [_thread_in_native, id=12776, stack(0x000000fbbeb00000,0x000000fbbec00000)]
  0x000002ed7025a750 JavaThread "Notification Thread" daemon [_thread_blocked, id=5720, stack(0x000000fbbec00000,0x000000fbbed00000)]
  0x000002ed720e0110 JavaThread "Catalina-utility-1" [_thread_blocked, id=10928, stack(0x000000fbbf900000,0x000000fbbfa00000)]
  0x000002ed720df120 JavaThread "Catalina-utility-2" [_thread_blocked, id=13336, stack(0x000000fbbfa00000,0x000000fbbfb00000)]
  0x000002ed720debd0 JavaThread "container-0" [_thread_blocked, id=10692, stack(0x000000fbbfb00000,0x000000fbbfc00000)]
  0x000002ed720df670 JavaThread "mysql-cj-abandoned-connection-cleanup" daemon [_thread_blocked, id=9032, stack(0x000000fbbfc00000,0x000000fbbfd00000)]
  0x000002ed720e1100 JavaThread "HikariPool-1 housekeeper" daemon [_thread_blocked, id=11892, stack(0x000000fbbfe00000,0x000000fbbff00000)]
  0x000002ed720dfbc0 JavaThread "File Watcher" daemon [_thread_blocked, id=10036, stack(0x000000fbc0000000,0x000000fbc0100000)]
  0x000002ed720de680 JavaThread "Live Reload Server" daemon [_thread_in_native, id=6972, stack(0x000000fbc0200000,0x000000fbc0300000)]
  0x000002ed720e0bb0 JavaThread "http-nio-8080-exec-1" daemon [_thread_blocked, id=6464, stack(0x000000fbc0100000,0x000000fbc0200000)]
  0x000002ed74d0c5f0 JavaThread "http-nio-8080-exec-2" daemon [_thread_blocked, id=12148, stack(0x000000fbc0300000,0x000000fbc0400000)]
  0x000002ed74d0cb40 JavaThread "http-nio-8080-exec-3" daemon [_thread_blocked, id=1456, stack(0x000000fbc0400000,0x000000fbc0500000)]
  0x000002ed74d0e080 JavaThread "http-nio-8080-exec-4" daemon [_thread_blocked, id=12832, stack(0x000000fbc0500000,0x000000fbc0600000)]
  0x000002ed74d0d090 JavaThread "http-nio-8080-exec-5" daemon [_thread_blocked, id=9592, stack(0x000000fbc0600000,0x000000fbc0700000)]
  0x000002ed74d0e5d0 JavaThread "http-nio-8080-exec-6" daemon [_thread_blocked, id=10524, stack(0x000000fbc0700000,0x000000fbc0800000)]
  0x000002ed74d0b0b0 JavaThread "http-nio-8080-exec-7" daemon [_thread_blocked, id=5416, stack(0x000000fbc0800000,0x000000fbc0900000)]
  0x000002ed74d0b600 JavaThread "http-nio-8080-exec-8" daemon [_thread_blocked, id=11596, stack(0x000000fbc0900000,0x000000fbc0a00000)]
  0x000002ed74d0bb50 JavaThread "http-nio-8080-exec-9" daemon [_thread_blocked, id=7260, stack(0x000000fbc0a00000,0x000000fbc0b00000)]
  0x000002ed74d0c0a0 JavaThread "http-nio-8080-exec-10" daemon [_thread_blocked, id=11156, stack(0x000000fbc0b00000,0x000000fbc0c00000)]
  0x000002ed74d0d5e0 JavaThread "http-nio-8080-Poller" daemon [_thread_in_native, id=4504, stack(0x000000fbc0c00000,0x000000fbc0d00000)]
  0x000002ed74d0db30 JavaThread "http-nio-8080-Acceptor" daemon [_thread_in_native, id=9020, stack(0x000000fbc0d00000,0x000000fbc0e00000)]
  0x000002ed71e9aa90 JavaThread "scheduling-1" [_thread_blocked, id=7988, stack(0x000000fbc0e00000,0x000000fbc0f00000)]
  0x000002ed71e98010 JavaThread "DestroyJavaVM" [_thread_blocked, id=4256, stack(0x000000fbbda00000,0x000000fbbdb00000)]
=>0x000002ed73aba9f0 JavaThread "C2 CompilerThread1" daemon [_thread_in_native, id=624, stack(0x000000fbbf500000,0x000000fbbf600000)]

Other Threads:
  0x000002ed2abbef30 VMThread "VM Thread" [stack: 0x000000fbbe000000,0x000000fbbe100000] [id=14152]
  0x000002ed7035e7b0 WatcherThread "VM Periodic Task Thread" [stack: 0x000000fbbed00000,0x000000fbbee00000] [id=4444]
  0x000002ed0cca5e50 WorkerThread "GC Thread#0" [stack: 0x000000fbbdb00000,0x000000fbbdc00000] [id=2976]
  0x000002ed70baf590 WorkerThread "GC Thread#1" [stack: 0x000000fbbf000000,0x000000fbbf100000] [id=10548]
  0x000002ed70baf860 WorkerThread "GC Thread#2" [stack: 0x000000fbbf100000,0x000000fbbf200000] [id=144]
  0x000002ed70bd72c0 WorkerThread "GC Thread#3" [stack: 0x000000fbbf200000,0x000000fbbf300000] [id=13648]
  0x000002ed70bd83a0 WorkerThread "GC Thread#4" [stack: 0x000000fbbf300000,0x000000fbbf400000] [id=12012]
  0x000002ed70bd8940 WorkerThread "GC Thread#5" [stack: 0x000000fbbf400000,0x000000fbbf500000] [id=2744]
  0x000002ed70bd6d20 WorkerThread "GC Thread#6" [stack: 0x000000fbbf600000,0x000000fbbf700000] [id=14028]
  0x000002ed70bd7590 WorkerThread "GC Thread#7" [stack: 0x000000fbbf700000,0x000000fbbf800000] [id=3088]
  0x000002ed0ccb2d40 ConcurrentGCThread "G1 Main Marker" [stack: 0x000000fbbdc00000,0x000000fbbdd00000] [id=8756]
  0x000002ed0ccb3f10 WorkerThread "G1 Conc#0" [stack: 0x000000fbbdd00000,0x000000fbbde00000] [id=5280]
  0x000002ed70bd80d0 WorkerThread "G1 Conc#1" [stack: 0x000000fbbf800000,0x000000fbbf900000] [id=5112]
  0x000002ed0cd0dae0 ConcurrentGCThread "G1 Refine#0" [stack: 0x000000fbbde00000,0x000000fbbdf00000] [id=6664]
  0x000002ed2aa85820 ConcurrentGCThread "G1 Service" [stack: 0x000000fbbdf00000,0x000000fbbe000000] [id=10432]

Threads with active compile tasks:
C2 CompilerThread0    46926 10759       4       org.apache.coyote.Response::doWrite (33 bytes)
C2 CompilerThread1    46926 10758       4       org.apache.coyote.http11.filters.ChunkedOutputFilter::doWrite (87 bytes)

VM state: not at safepoint (normal execution)

VM Mutex/Monitor currently owned by a thread: None

Heap address: 0x0000000741c00000, size: 3044 MB, Compressed Oops mode: Zero based, Oop shift amount: 3

CDS archive(s) mapped at: [0x000002ed2b000000-0x000002ed2bc60000-0x000002ed2bc60000), size 12976128, SharedBaseAddress: 0x000002ed2b000000, ArchiveRelocationMode: 1.
Compressed class space mapped at: 0x000002ed2c000000-0x000002ed6c000000, reserved size: 1073741824
Narrow klass base: 0x000002ed2b000000, Narrow klass shift: 0, Narrow klass range: 0x100000000

GC Precious Log:
 CardTable entry size: 512
 Card Set container configuration: InlinePtr #cards 4 size 8 Array Of Cards #cards 16 size 48 Howl #buckets 8 coarsen threshold 3686 Howl Bitmap #cards 512 size 80 coarsen threshold 460 Card regions per heap region 1 cards per card region 4096
 CPUs: 8 total, 8 available
 Memory: 12172M
 Large Page Support: Disabled
 NUMA Support: Disabled
 Compressed Oops: Enabled (Zero based)
 Heap Region Size: 2M
 Heap Min Capacity: 8M
 Heap Initial Capacity: 192M
 Heap Max Capacity: 3044M
 Pre-touch: Disabled
 Parallel Workers: 8
 Concurrent Workers: 2
 Concurrent Refinement Workers: 8
 Periodic GC: Disabled

Heap:
 garbage-first heap   total 104448K, used 63200K [0x0000000741c00000, 0x0000000800000000)
  region size 2048K, 19 young (38912K), 1 survivors (2048K)
 Metaspace       used 71677K, committed 72448K, reserved 1114112K
  class space    used 9114K, committed 9472K, reserved 1048576K

Heap Regions: E=young(eden), S=young(survivor), O=old, HS=humongous(starts), HC=humongous(continues), CS=collection set, F=free, OA=open archive, CA=closed archive, TAMS=top-at-mark-start, PB=parsable bottom
|   0|0x0000000741c00000, 0x0000000741e00000, 0x0000000741e00000|100%| O|  |TAMS 0x0000000741c00000| PB 0x0000000741c00000| Untracked 
|   1|0x0000000741e00000, 0x0000000742000000, 0x0000000742000000|100%| O|  |TAMS 0x0000000741e00000| PB 0x0000000741e00000| Untracked 
|   2|0x0000000742000000, 0x00000007421fa800, 0x0000000742200000| 98%| O|  |TAMS 0x0000000742000000| PB 0x0000000742000000| Untracked 
|   3|0x0000000742200000, 0x0000000742400000, 0x0000000742400000|100%| O|  |TAMS 0x0000000742200000| PB 0x0000000742200000| Untracked 
|   4|0x0000000742400000, 0x0000000742587c00, 0x0000000742600000| 76%| O|  |TAMS 0x0000000742400000| PB 0x0000000742400000| Untracked 
|   5|0x0000000742600000, 0x0000000742800000, 0x0000000742800000|100%| O|  |TAMS 0x0000000742600000| PB 0x0000000742600000| Untracked 
|   6|0x0000000742800000, 0x0000000742800000, 0x0000000742a00000|  0%| F|  |TAMS 0x0000000742800000| PB 0x0000000742800000| Untracked 
|   7|0x0000000742a00000, 0x0000000742c00000, 0x0000000742c00000|100%| O|  |TAMS 0x0000000742a00000| PB 0x0000000742a00000| Untracked 
|   8|0x0000000742c00000, 0x0000000742e00000, 0x0000000742e00000|100%| O|  |TAMS 0x0000000742c00000| PB 0x0000000742c00000| Untracked 
|   9|0x0000000742e00000, 0x0000000743000000, 0x0000000743000000|100%| O|  |TAMS 0x0000000742e00000| PB 0x0000000742e00000| Untracked 
|  10|0x0000000743000000, 0x0000000743200000, 0x0000000743200000|100%| O|  |TAMS 0x0000000743000000| PB 0x0000000743000000| Untracked 
|  11|0x0000000743200000, 0x0000000743400000, 0x0000000743400000|100%| O|  |TAMS 0x0000000743200000| PB 0x0000000743200000| Untracked 
|  12|0x0000000743400000, 0x0000000743600000, 0x0000000743600000|100%| O|  |TAMS 0x0000000743400000| PB 0x0000000743400000| Untracked 
|  13|0x0000000743600000, 0x0000000743800000, 0x0000000743800000|100%| O|  |TAMS 0x0000000743600000| PB 0x0000000743600000| Untracked 
|  14|0x0000000743800000, 0x0000000743a00000, 0x0000000743a00000|100%| O|  |TAMS 0x0000000743800000| PB 0x0000000743800000| Untracked 
|  15|0x0000000743a00000, 0x0000000743c00000, 0x0000000743c00000|100%| O|  |TAMS 0x0000000743a00000| PB 0x0000000743a00000| Untracked 
|  16|0x0000000743c00000, 0x0000000743c00000, 0x0000000743e00000|  0%| F|  |TAMS 0x0000000743c00000| PB 0x0000000743c00000| Untracked 
|  17|0x0000000743e00000, 0x0000000743e00000, 0x0000000744000000|  0%| F|  |TAMS 0x0000000743e00000| PB 0x0000000743e00000| Untracked 
|  18|0x0000000744000000, 0x0000000744000000, 0x0000000744200000|  0%| F|  |TAMS 0x0000000744000000| PB 0x0000000744000000| Untracked 
|  19|0x0000000744200000, 0x0000000744200000, 0x0000000744400000|  0%| F|  |TAMS 0x0000000744200000| PB 0x0000000744200000| Untracked 
|  20|0x0000000744400000, 0x0000000744435c48, 0x0000000744600000| 10%| S|CS|TAMS 0x0000000744400000| PB 0x0000000744400000| Complete 
|  21|0x0000000744600000, 0x0000000744600000, 0x0000000744800000|  0%| F|  |TAMS 0x0000000744600000| PB 0x0000000744600000| Untracked 
|  22|0x0000000744800000, 0x0000000744800000, 0x0000000744a00000|  0%| F|  |TAMS 0x0000000744800000| PB 0x0000000744800000| Untracked 
|  23|0x0000000744a00000, 0x0000000744a00000, 0x0000000744c00000|  0%| F|  |TAMS 0x0000000744a00000| PB 0x0000000744a00000| Untracked 
|  24|0x0000000744c00000, 0x0000000744c00000, 0x0000000744e00000|  0%| F|  |TAMS 0x0000000744c00000| PB 0x0000000744c00000| Untracked 
|  25|0x0000000744e00000, 0x0000000744e00000, 0x0000000745000000|  0%| F|  |TAMS 0x0000000744e00000| PB 0x0000000744e00000| Untracked 
|  26|0x0000000745000000, 0x0000000745000000, 0x0000000745200000|  0%| F|  |TAMS 0x0000000745000000| PB 0x0000000745000000| Untracked 
|  27|0x0000000745200000, 0x0000000745200000, 0x0000000745400000|  0%| F|  |TAMS 0x0000000745200000| PB 0x0000000745200000| Untracked 
|  28|0x0000000745400000, 0x0000000745400000, 0x0000000745600000|  0%| F|  |TAMS 0x0000000745400000| PB 0x0000000745400000| Untracked 
|  29|0x0000000745600000, 0x0000000745600000, 0x0000000745800000|  0%| F|  |TAMS 0x0000000745600000| PB 0x0000000745600000| Untracked 
|  30|0x0000000745800000, 0x0000000745800000, 0x0000000745a00000|  0%| F|  |TAMS 0x0000000745800000| PB 0x0000000745800000| Untracked 
|  31|0x0000000745a00000, 0x0000000745a00000, 0x0000000745c00000|  0%| F|  |TAMS 0x0000000745a00000| PB 0x0000000745a00000| Untracked 
|  32|0x0000000745c00000, 0x0000000745c00000, 0x0000000745e00000|  0%| F|  |TAMS 0x0000000745c00000| PB 0x0000000745c00000| Untracked 
|  33|0x0000000745e00000, 0x0000000745e66aa0, 0x0000000746000000| 20%| E|  |TAMS 0x0000000745e00000| PB 0x0000000745e00000| Complete 
|  34|0x0000000746000000, 0x0000000746200000, 0x0000000746200000|100%| E|  |TAMS 0x0000000746000000| PB 0x0000000746000000| Complete 
|  35|0x0000000746200000, 0x0000000746400000, 0x0000000746400000|100%| E|CS|TAMS 0x0000000746200000| PB 0x0000000746200000| Complete 
|  36|0x0000000746400000, 0x0000000746600000, 0x0000000746600000|100%| E|CS|TAMS 0x0000000746400000| PB 0x0000000746400000| Complete 
|  37|0x0000000746600000, 0x0000000746800000, 0x0000000746800000|100%| E|CS|TAMS 0x0000000746600000| PB 0x0000000746600000| Complete 
|  38|0x0000000746800000, 0x0000000746a00000, 0x0000000746a00000|100%| E|CS|TAMS 0x0000000746800000| PB 0x0000000746800000| Complete 
|  39|0x0000000746a00000, 0x0000000746c00000, 0x0000000746c00000|100%| E|CS|TAMS 0x0000000746a00000| PB 0x0000000746a00000| Complete 
|  40|0x0000000746c00000, 0x0000000746e00000, 0x0000000746e00000|100%| E|CS|TAMS 0x0000000746c00000| PB 0x0000000746c00000| Complete 
|  41|0x0000000746e00000, 0x0000000747000000, 0x0000000747000000|100%| E|CS|TAMS 0x0000000746e00000| PB 0x0000000746e00000| Complete 
|  42|0x0000000747000000, 0x0000000747200000, 0x0000000747200000|100%| E|CS|TAMS 0x0000000747000000| PB 0x0000000747000000| Complete 
|  43|0x0000000747200000, 0x0000000747400000, 0x0000000747400000|100%| E|CS|TAMS 0x0000000747200000| PB 0x0000000747200000| Complete 
|  44|0x0000000747400000, 0x0000000747600000, 0x0000000747600000|100%| E|CS|TAMS 0x0000000747400000| PB 0x0000000747400000| Complete 
|  45|0x0000000747600000, 0x0000000747800000, 0x0000000747800000|100%| E|CS|TAMS 0x0000000747600000| PB 0x0000000747600000| Complete 
|  63|0x0000000749a00000, 0x0000000749c00000, 0x0000000749c00000|100%| E|CS|TAMS 0x0000000749a00000| PB 0x0000000749a00000| Complete 
|  64|0x0000000749c00000, 0x0000000749e00000, 0x0000000749e00000|100%| E|CS|TAMS 0x0000000749c00000| PB 0x0000000749c00000| Complete 
|  65|0x0000000749e00000, 0x000000074a000000, 0x000000074a000000|100%| E|CS|TAMS 0x0000000749e00000| PB 0x0000000749e00000| Complete 
|  66|0x000000074a000000, 0x000000074a200000, 0x000000074a200000|100%| E|CS|TAMS 0x000000074a000000| PB 0x000000074a000000| Complete 
|  95|0x000000074da00000, 0x000000074dc00000, 0x000000074dc00000|100%| E|CS|TAMS 0x000000074da00000| PB 0x000000074da00000| Complete 

Card table byte_map: [0x000002ed24650000,0x000002ed24c50000] _byte_map_base: 0x000002ed20c42000

Marking Bits: (CMBitMap*) 0x000002ed0cca6480
 Bits: [0x000002ed25250000, 0x000002ed281e0000)

Polling page: 0x000002ed0ab40000

Metaspace:

Usage:
  Non-class:     61.10 MB used.
      Class:      8.90 MB used.
       Both:     70.00 MB used.

Virtual space:
  Non-class space:       64.00 MB reserved,      61.50 MB ( 96%) committed,  1 nodes.
      Class space:        1.00 GB reserved,       9.25 MB ( <1%) committed,  1 nodes.
             Both:        1.06 GB reserved,      70.75 MB (  7%) committed. 

Chunk freelists:
   Non-Class:  2.41 MB
       Class:  2.77 MB
        Both:  5.18 MB

MaxMetaspaceSize: unlimited
CompressedClassSpaceSize: 1.00 GB
Initial GC threshold: 21.00 MB
Current GC threshold: 117.19 MB
CDS: on
MetaspaceReclaimPolicy: balanced
 - commit_granule_bytes: 65536.
 - commit_granule_words: 8192.
 - virtual_space_node_default_size: 8388608.
 - enlarge_chunks_in_place: 1.
 - new_chunks_are_fully_committed: 0.
 - uncommit_free_chunks: 1.
 - use_allocation_guard: 0.


Internal statistics:

num_allocs_failed_limit: 9.
num_arena_births: 966.
num_arena_deaths: 0.
num_vsnodes_births: 2.
num_vsnodes_deaths: 0.
num_space_committed: 1132.
num_space_uncommitted: 0.
num_chunks_returned_to_freelist: 9.
num_chunks_taken_from_freelist: 3503.
num_chunk_merges: 9.
num_chunk_splits: 2503.
num_chunks_enlarged: 1943.
num_inconsistent_stats: 0.

CodeHeap 'non-profiled nmethods': size=120000Kb used=6993Kb max_used=6993Kb free=113006Kb
 bounds [0x000002ed1c7f0000, 0x000002ed1ced0000, 0x000002ed23d20000]
CodeHeap 'profiled nmethods': size=120000Kb used=18547Kb max_used=18547Kb free=101452Kb
 bounds [0x000002ed14d20000, 0x000002ed15f50000, 0x000002ed1c250000]
CodeHeap 'non-nmethods': size=5760Kb used=1766Kb max_used=1854Kb free=3993Kb
 bounds [0x000002ed1c250000, 0x000002ed1c4c0000, 0x000002ed1c7f0000]
 total_blobs=9827 nmethods=9101 adapters=635
 compilation: enabled
              stopped_count=0, restarted_count=0
 full_count=0

Compilation events (20 events):
Event: 46.782 Thread 0x000002ed2abf9c40 10753       1       sun.nio.ch.OptionKey::level (5 bytes)
Event: 46.782 Thread 0x000002ed2abf9c40 nmethod 10753 0x000002ed1cec3310 code [0x000002ed1cec3480, 0x000002ed1cec3548]
Event: 46.789 Thread 0x000002ed2abf9c40 10754   !   3       org.apache.coyote.AbstractProcessor::action (1081 bytes)
Event: 46.790 Thread 0x000002ed73aba9f0 10755   !   4       jdk.internal.loader.AbstractClassLoaderValue::computeIfAbsent (113 bytes)
Event: 46.797 Thread 0x000002ed2abf9c40 nmethod 10754 0x000002ed15f31c90 code [0x000002ed15f32a20, 0x000002ed15f3cb18]
Event: 46.797 Thread 0x000002ed2abf9c40 10756       3       org.apache.catalina.connector.OutputBuffer::transfer (41 bytes)
Event: 46.798 Thread 0x000002ed2abf9c40 nmethod 10756 0x000002ed15f3f210 code [0x000002ed15f3f420, 0x000002ed15f3fca8]
Event: 46.798 Thread 0x000002ed2abf9c40 10757       3       java.util.AbstractQueue::<init> (5 bytes)
Event: 46.798 Thread 0x000002ed2abf9c40 nmethod 10757 0x000002ed15f3ff90 code [0x000002ed15f40120, 0x000002ed15f402e8]
Event: 46.802 Thread 0x000002ed73aba9f0 nmethod 10755 0x000002ed1cec3610 code [0x000002ed1cec3800, 0x000002ed1cec3e40]
Event: 46.802 Thread 0x000002ed73aba9f0 10758       4       org.apache.coyote.http11.filters.ChunkedOutputFilter::doWrite (87 bytes)
Event: 46.802 Thread 0x000002ed2abf6f00 10759       4       org.apache.coyote.Response::doWrite (33 bytes)
Event: 46.802 Thread 0x000002ed2abf9c40 10760   !   3       org.apache.catalina.connector.OutputBuffer::realWriteBytes (61 bytes)
Event: 46.803 Thread 0x000002ed2abf9c40 nmethod 10760 0x000002ed15f40410 code [0x000002ed15f405e0, 0x000002ed15f40aa0]
Event: 46.816 Thread 0x000002ed2abf9c40 10761       3       org.apache.coyote.http11.Http11Processor::getLog (4 bytes)
Event: 46.817 Thread 0x000002ed2abf9c40 nmethod 10761 0x000002ed15f40c90 code [0x000002ed15f40e20, 0x000002ed15f40f38]
Event: 46.872 Thread 0x000002ed2abf9c40 10763       3       jdk.internal.misc.Unsafe::bool2byte (10 bytes)
Event: 46.872 Thread 0x000002ed2abf9c40 nmethod 10763 0x000002ed15f41010 code [0x000002ed15f411a0, 0x000002ed15f41310]
Event: 46.872 Thread 0x000002ed2abf9c40 10764       3       org.apache.tomcat.util.net.SocketWrapperBase::setReadTimeout (22 bytes)
Event: 46.872 Thread 0x000002ed2abf9c40 nmethod 10764 0x000002ed15f41390 code [0x000002ed15f41520, 0x000002ed15f416e0]

GC Heap History (20 events):
Event: 44.477 GC heap before
{Heap before GC invocations=77 (full 0):
 garbage-first heap   total 104448K, used 87720K [0x0000000741c00000, 0x0000000800000000)
  region size 2048K, 30 young (61440K), 1 survivors (2048K)
 Metaspace       used 71665K, committed 72448K, reserved 1114112K
  class space    used 9110K, committed 9472K, reserved 1048576K
}
Event: 44.478 GC heap after
{Heap after GC invocations=78 (full 0):
 garbage-first heap   total 104448K, used 30674K [0x0000000741c00000, 0x0000000800000000)
  region size 2048K, 1 young (2048K), 1 survivors (2048K)
 Metaspace       used 71665K, committed 72448K, reserved 1114112K
  class space    used 9110K, committed 9472K, reserved 1048576K
}
Event: 44.700 GC heap before
{Heap before GC invocations=78 (full 0):
 garbage-first heap   total 104448K, used 88018K [0x0000000741c00000, 0x0000000800000000)
  region size 2048K, 30 young (61440K), 1 survivors (2048K)
 Metaspace       used 71665K, committed 72448K, reserved 1114112K
  class space    used 9110K, committed 9472K, reserved 1048576K
}
Event: 44.701 GC heap after
{Heap after GC invocations=79 (full 0):
 garbage-first heap   total 104448K, used 30387K [0x0000000741c00000, 0x0000000800000000)
  region size 2048K, 1 young (2048K), 1 survivors (2048K)
 Metaspace       used 71665K, committed 72448K, reserved 1114112K
  class space    used 9110K, committed 9472K, reserved 1048576K
}
Event: 44.917 GC heap before
{Heap before GC invocations=79 (full 0):
 garbage-first heap   total 104448K, used 87731K [0x0000000741c00000, 0x0000000800000000)
  region size 2048K, 30 young (61440K), 1 survivors (2048K)
 Metaspace       used 71665K, committed 72448K, reserved 1114112K
  class space    used 9110K, committed 9472K, reserved 1048576K
}
Event: 44.918 GC heap after
{Heap after GC invocations=80 (full 0):
 garbage-first heap   total 104448K, used 30672K [0x0000000741c00000, 0x0000000800000000)
  region size 2048K, 1 young (2048K), 1 survivors (2048K)
 Metaspace       used 71665K, committed 72448K, reserved 1114112K
  class space    used 9110K, committed 9472K, reserved 1048576K
}
Event: 45.162 GC heap before
{Heap before GC invocations=80 (full 0):
 garbage-first heap   total 104448K, used 88016K [0x0000000741c00000, 0x0000000800000000)
  region size 2048K, 30 young (61440K), 1 survivors (2048K)
 Metaspace       used 71665K, committed 72448K, reserved 1114112K
  class space    used 9110K, committed 9472K, reserved 1048576K
}
Event: 45.163 GC heap after
{Heap after GC invocations=81 (full 0):
 garbage-first heap   total 104448K, used 30235K [0x0000000741c00000, 0x0000000800000000)
  region size 2048K, 1 young (2048K), 1 survivors (2048K)
 Metaspace       used 71665K, committed 72448K, reserved 1114112K
  class space    used 9110K, committed 9472K, reserved 1048576K
}
Event: 45.439 GC heap before
{Heap before GC invocations=81 (full 0):
 garbage-first heap   total 104448K, used 87579K [0x0000000741c00000, 0x0000000800000000)
  region size 2048K, 30 young (61440K), 1 survivors (2048K)
 Metaspace       used 71665K, committed 72448K, reserved 1114112K
  class space    used 9110K, committed 9472K, reserved 1048576K
}
Event: 45.440 GC heap after
{Heap after GC invocations=82 (full 0):
 garbage-first heap   total 104448K, used 30663K [0x0000000741c00000, 0x0000000800000000)
  region size 2048K, 1 young (2048K), 1 survivors (2048K)
 Metaspace       used 71665K, committed 72448K, reserved 1114112K
  class space    used 9110K, committed 9472K, reserved 1048576K
}
Event: 45.696 GC heap before
{Heap before GC invocations=82 (full 0):
 garbage-first heap   total 104448K, used 88007K [0x0000000741c00000, 0x0000000800000000)
  region size 2048K, 30 young (61440K), 1 survivors (2048K)
 Metaspace       used 71665K, committed 72448K, reserved 1114112K
  class space    used 9110K, committed 9472K, reserved 1048576K
}
Event: 45.697 GC heap after
{Heap after GC invocations=83 (full 0):
 garbage-first heap   total 104448K, used 30254K [0x0000000741c00000, 0x0000000800000000)
  region size 2048K, 1 young (2048K), 1 survivors (2048K)
 Metaspace       used 71665K, committed 72448K, reserved 1114112K
  class space    used 9110K, committed 9472K, reserved 1048576K
}
Event: 45.957 GC heap before
{Heap before GC invocations=83 (full 0):
 garbage-first heap   total 104448K, used 87598K [0x0000000741c00000, 0x0000000800000000)
  region size 2048K, 30 young (61440K), 1 survivors (2048K)
 Metaspace       used 71665K, committed 72448K, reserved 1114112K
  class space    used 9110K, committed 9472K, reserved 1048576K
}
Event: 45.958 GC heap after
{Heap after GC invocations=84 (full 0):
 garbage-first heap   total 104448K, used 30698K [0x0000000741c00000, 0x0000000800000000)
  region size 2048K, 1 young (2048K), 1 survivors (2048K)
 Metaspace       used 71665K, committed 72448K, reserved 1114112K
  class space    used 9110K, committed 9472K, reserved 1048576K
}
Event: 46.314 GC heap before
{Heap before GC invocations=84 (full 0):
 garbage-first heap   total 104448K, used 88042K [0x0000000741c00000, 0x0000000800000000)
  region size 2048K, 30 young (61440K), 1 survivors (2048K)
 Metaspace       used 71665K, committed 72448K, reserved 1114112K
  class space    used 9110K, committed 9472K, reserved 1048576K
}
Event: 46.315 GC heap after
{Heap after GC invocations=85 (full 0):
 garbage-first heap   total 104448K, used 30407K [0x0000000741c00000, 0x0000000800000000)
  region size 2048K, 1 young (2048K), 1 survivors (2048K)
 Metaspace       used 71665K, committed 72448K, reserved 1114112K
  class space    used 9110K, committed 9472K, reserved 1048576K
}
Event: 46.547 GC heap before
{Heap before GC invocations=85 (full 0):
 garbage-first heap   total 104448K, used 87751K [0x0000000741c00000, 0x0000000800000000)
  region size 2048K, 30 young (61440K), 1 survivors (2048K)
 Metaspace       used 71665K, committed 72448K, reserved 1114112K
  class space    used 9110K, committed 9472K, reserved 1048576K
}
Event: 46.548 GC heap after
{Heap after GC invocations=86 (full 0):
 garbage-first heap   total 104448K, used 30671K [0x0000000741c00000, 0x0000000800000000)
  region size 2048K, 1 young (2048K), 1 survivors (2048K)
 Metaspace       used 71665K, committed 72448K, reserved 1114112K
  class space    used 9110K, committed 9472K, reserved 1048576K
}
Event: 46.770 GC heap before
{Heap before GC invocations=86 (full 0):
 garbage-first heap   total 104448K, used 88015K [0x0000000741c00000, 0x0000000800000000)
  region size 2048K, 30 young (61440K), 1 survivors (2048K)
 Metaspace       used 71676K, committed 72448K, reserved 1114112K
  class space    used 9114K, committed 9472K, reserved 1048576K
}
Event: 46.771 GC heap after
{Heap after GC invocations=87 (full 0):
 garbage-first heap   total 104448K, used 30432K [0x0000000741c00000, 0x0000000800000000)
  region size 2048K, 1 young (2048K), 1 survivors (2048K)
 Metaspace       used 71676K, committed 72448K, reserved 1114112K
  class space    used 9114K, committed 9472K, reserved 1048576K
}

Dll operation events (14 events):
Event: 0.012 Loaded shared library C:\Program Files\Java\jdk-20\bin\java.dll
Event: 0.040 Loaded shared library C:\Program Files\Java\jdk-20\bin\jsvml.dll
Event: 0.150 Loaded shared library C:\Program Files\Java\jdk-20\bin\zip.dll
Event: 0.153 Loaded shared library C:\Program Files\Java\jdk-20\bin\instrument.dll
Event: 0.157 Loaded shared library C:\Program Files\Java\jdk-20\bin\net.dll
Event: 0.159 Loaded shared library C:\Program Files\Java\jdk-20\bin\nio.dll
Event: 0.162 Loaded shared library C:\Program Files\Java\jdk-20\bin\zip.dll
Event: 0.245 Loaded shared library C:\Program Files\JetBrains\IntelliJ IDEA 2023.1.4\bin\breakgen64.dll
Event: 0.254 Loaded shared library C:\Program Files\Java\jdk-20\bin\extnet.dll
Event: 0.333 Loaded shared library C:\Program Files\Java\jdk-20\bin\jimage.dll
Event: 0.607 Loaded shared library C:\Program Files\Java\jdk-20\bin\management.dll
Event: 0.610 Loaded shared library C:\Program Files\Java\jdk-20\bin\management_ext.dll
Event: 3.256 Loaded shared library C:\Program Files\Java\jdk-20\bin\sunmscapi.dll
Event: 3.936 Loaded shared library C:\Program Files\Java\jdk-20\bin\verify.dll

Deoptimization events (20 events):
Event: 46.753 Thread 0x000002ed74d0b600 Uncommon trap: trap_request=0xffffff45 fr.pc=0x000002ed1c988724 relative=0x0000000000000284
Event: 46.753 Thread 0x000002ed74d0b600 Uncommon trap: reason=unstable_if action=reinterpret pc=0x000002ed1c988724 method=org.apache.catalina.connector.OutputBuffer.transfer([BIILjava/nio/ByteBuffer;)I @ 19 c2
Event: 46.753 Thread 0x000002ed74d0b600 DEOPT PACKING pc=0x000002ed1c988724 sp=0x000000fbc09fc920
Event: 46.753 Thread 0x000002ed74d0b600 DEOPT UNPACKING pc=0x000002ed1c2b9d22 sp=0x000000fbc09fc8e0 mode 2
Event: 46.753 Thread 0x000002ed74d0b600 Uncommon trap: trap_request=0xffffff45 fr.pc=0x000002ed1c98ee8c relative=0x0000000000002a2c
Event: 46.753 Thread 0x000002ed74d0b600 Uncommon trap: reason=unstable_if action=reinterpret pc=0x000002ed1c98ee8c method=org.apache.tomcat.util.net.SocketBufferHandler.setWriteBufferConfiguredForWrite(Z)V @ 21 c2
Event: 46.753 Thread 0x000002ed74d0b600 DEOPT PACKING pc=0x000002ed1c98ee8c sp=0x000000fbc09fc7c0
Event: 46.754 Thread 0x000002ed74d0b600 DEOPT UNPACKING pc=0x000002ed1c2b9d22 sp=0x000000fbc09fc6a8 mode 2
Event: 46.754 Thread 0x000002ed74d0b600 Uncommon trap: trap_request=0x0000002c fr.pc=0x000002ed1cd048c0 relative=0x0000000000000a20
Event: 46.754 Thread 0x000002ed74d0b600 Uncommon trap: reason=unloaded action=reinterpret pc=0x000002ed1cd048c0 method=org.apache.catalina.connector.OutputBuffer.realWriteBytes(Ljava/nio/ByteBuffer;)V @ 51 c2
Event: 46.754 Thread 0x000002ed74d0b600 DEOPT PACKING pc=0x000002ed1cd048c0 sp=0x000000fbc09fc900
Event: 46.754 Thread 0x000002ed74d0b600 DEOPT UNPACKING pc=0x000002ed1c2b9d22 sp=0x000000fbc09fc900 mode 2
Event: 46.757 Thread 0x000002ed74d0e080 Uncommon trap: trap_request=0xffffff45 fr.pc=0x000002ed1ca5aae4 relative=0x0000000000002464
Event: 46.757 Thread 0x000002ed74d0e080 Uncommon trap: reason=unstable_if action=reinterpret pc=0x000002ed1ca5aae4 method=org.apache.tomcat.util.net.SocketBufferHandler.setWriteBufferConfiguredForWrite(Z)V @ 21 c2
Event: 46.758 Thread 0x000002ed74d0e080 DEOPT PACKING pc=0x000002ed1ca5aae4 sp=0x000000fbc05fc770
Event: 46.758 Thread 0x000002ed74d0e080 DEOPT UNPACKING pc=0x000002ed1c2b9d22 sp=0x000000fbc05fc6e0 mode 2
Event: 46.758 Thread 0x000002ed74d0e080 Uncommon trap: trap_request=0xffffff45 fr.pc=0x000002ed1cc4d7ac relative=0x000000000000012c
Event: 46.758 Thread 0x000002ed74d0e080 Uncommon trap: reason=unstable_if action=reinterpret pc=0x000002ed1cc4d7ac method=org.apache.tomcat.util.net.SocketBufferHandler.setWriteBufferConfiguredForWrite(Z)V @ 21 c2
Event: 46.758 Thread 0x000002ed74d0e080 DEOPT PACKING pc=0x000002ed1cc4d7ac sp=0x000000fbc05fe900
Event: 46.758 Thread 0x000002ed74d0e080 DEOPT UNPACKING pc=0x000002ed1c2b9d22 sp=0x000000fbc05fe888 mode 2

Classes loaded (20 events):
Event: 12.297 Loading class sun/nio/cs/ThreadLocalCoders$Cache done
Event: 12.297 Loading class sun/nio/cs/ThreadLocalCoders$1 done
Event: 12.297 Loading class sun/nio/cs/ThreadLocalCoders$2
Event: 12.297 Loading class sun/nio/cs/ThreadLocalCoders$2 done
Event: 12.412 Loading class java/util/OptionalLong
Event: 12.412 Loading class java/util/OptionalLong done
Event: 12.412 Loading class java/util/OptionalDouble
Event: 12.412 Loading class java/util/OptionalDouble done
Event: 12.417 Loading class java/util/stream/LongStream
Event: 12.417 Loading class java/util/stream/LongStream done
Event: 12.417 Loading class java/util/stream/DoubleStream
Event: 12.417 Loading class java/util/stream/DoubleStream done
Event: 12.430 Loading class org/w3c/dom/Node
Event: 12.430 Loading class org/w3c/dom/Node done
Event: 12.430 Loading class org/w3c/dom/Document
Event: 12.430 Loading class org/w3c/dom/Document done
Event: 29.386 Loading class java/util/concurrent/locks/ReentrantReadWriteLock$Sync$HoldCounter
Event: 29.386 Loading class java/util/concurrent/locks/ReentrantReadWriteLock$Sync$HoldCounter done
Event: 41.299 Loading class sun/util/locale/LocaleExtensions
Event: 41.300 Loading class sun/util/locale/LocaleExtensions done

Classes unloaded (0 events):
No events

Classes redefined (0 events):
No events

Internal exceptions (20 events):
Event: 46.857 Thread 0x000002ed74d0bb50 Exception <a 'java/io/IOException'{0x0000000746ffc7d0}> (0x0000000746ffc7d0) 
thrown [s\open\src\hotspot\share\prims\jni.cpp, line 519]
Event: 46.857 Thread 0x000002ed74d0bb50 Exception <a 'java/io/IOException'{0x0000000746ffe098}> (0x0000000746ffe098) 
thrown [s\open\src\hotspot\share\prims\jni.cpp, line 519]
Event: 46.861 Thread 0x000002ed720e0bb0 Exception <a 'java/io/IOException'{0x0000000746d79090}> (0x0000000746d79090) 
thrown [s\open\src\hotspot\share\prims\jni.cpp, line 519]
Event: 46.862 Thread 0x000002ed720e0bb0 Exception <a 'java/io/IOException'{0x0000000746d7a338}> (0x0000000746d7a338) 
thrown [s\open\src\hotspot\share\prims\jni.cpp, line 519]
Event: 46.862 Thread 0x000002ed720e0bb0 Exception <a 'java/io/IOException'{0x0000000746d7bc00}> (0x0000000746d7bc00) 
thrown [s\open\src\hotspot\share\prims\jni.cpp, line 519]
Event: 46.866 Thread 0x000002ed74d0c5f0 Exception <a 'java/io/IOException'{0x0000000746aa06a0}> (0x0000000746aa06a0) 
thrown [s\open\src\hotspot\share\prims\jni.cpp, line 519]
Event: 46.866 Thread 0x000002ed74d0c5f0 Exception <a 'java/io/IOException'{0x0000000746aa1948}> (0x0000000746aa1948) 
thrown [s\open\src\hotspot\share\prims\jni.cpp, line 519]
Event: 46.866 Thread 0x000002ed74d0c5f0 Exception <a 'java/io/IOException'{0x0000000746aa3210}> (0x0000000746aa3210) 
thrown [s\open\src\hotspot\share\prims\jni.cpp, line 519]
Event: 46.871 Thread 0x000002ed74d0c0a0 Exception <a 'java/io/IOException'{0x0000000746bb0528}> (0x0000000746bb0528) 
thrown [s\open\src\hotspot\share\prims\jni.cpp, line 519]
Event: 46.871 Thread 0x000002ed74d0c0a0 Exception <a 'java/io/IOException'{0x0000000746bb17d0}> (0x0000000746bb17d0) 
thrown [s\open\src\hotspot\share\prims\jni.cpp, line 519]
Event: 46.871 Thread 0x000002ed74d0c0a0 Exception <a 'java/io/IOException'{0x0000000746bb3098}> (0x0000000746bb3098) 
thrown [s\open\src\hotspot\share\prims\jni.cpp, line 519]
Event: 46.875 Thread 0x000002ed74d0e5d0 Exception <a 'java/io/IOException'{0x00000007468c0ac8}> (0x00000007468c0ac8) 
thrown [s\open\src\hotspot\share\prims\jni.cpp, line 519]
Event: 46.876 Thread 0x000002ed74d0e5d0 Exception <a 'java/io/IOException'{0x00000007468c1d70}> (0x00000007468c1d70) 
thrown [s\open\src\hotspot\share\prims\jni.cpp, line 519]
Event: 46.876 Thread 0x000002ed74d0e5d0 Exception <a 'java/io/IOException'{0x00000007468c3638}> (0x00000007468c3638) 
thrown [s\open\src\hotspot\share\prims\jni.cpp, line 519]
Event: 46.880 Thread 0x000002ed74d0b0b0 Exception <a 'java/io/IOException'{0x00000007469d0418}> (0x00000007469d0418) 
thrown [s\open\src\hotspot\share\prims\jni.cpp, line 519]
Event: 46.880 Thread 0x000002ed74d0b0b0 Exception <a 'java/io/IOException'{0x00000007469d16c0}> (0x00000007469d16c0) 
thrown [s\open\src\hotspot\share\prims\jni.cpp, line 519]
Event: 46.880 Thread 0x000002ed74d0b0b0 Exception <a 'java/io/IOException'{0x00000007469d2f88}> (0x00000007469d2f88) 
thrown [s\open\src\hotspot\share\prims\jni.cpp, line 519]
Event: 46.885 Thread 0x000002ed74d0d090 Exception <a 'java/io/IOException'{0x00000007469fb6d8}> (0x00000007469fb6d8) 
thrown [s\open\src\hotspot\share\prims\jni.cpp, line 519]
Event: 46.885 Thread 0x000002ed74d0d090 Exception <a 'java/io/IOException'{0x00000007469fc980}> (0x00000007469fc980) 
thrown [s\open\src\hotspot\share\prims\jni.cpp, line 519]
Event: 46.885 Thread 0x000002ed74d0d090 Exception <a 'java/io/IOException'{0x00000007469fe248}> (0x00000007469fe248) 
thrown [s\open\src\hotspot\share\prims\jni.cpp, line 519]

VM Operations (20 events):
Event: 44.477 Executing VM operation: G1CollectForAllocation
Event: 44.478 Executing VM operation: G1CollectForAllocation done
Event: 44.700 Executing VM operation: G1CollectForAllocation
Event: 44.701 Executing VM operation: G1CollectForAllocation done
Event: 44.917 Executing VM operation: G1CollectForAllocation
Event: 44.918 Executing VM operation: G1CollectForAllocation done
Event: 45.162 Executing VM operation: G1CollectForAllocation
Event: 45.163 Executing VM operation: G1CollectForAllocation done
Event: 45.439 Executing VM operation: G1CollectForAllocation
Event: 45.440 Executing VM operation: G1CollectForAllocation done
Event: 45.695 Executing VM operation: G1CollectForAllocation
Event: 45.697 Executing VM operation: G1CollectForAllocation done
Event: 45.957 Executing VM operation: G1CollectForAllocation
Event: 45.958 Executing VM operation: G1CollectForAllocation done
Event: 46.314 Executing VM operation: G1CollectForAllocation
Event: 46.315 Executing VM operation: G1CollectForAllocation done
Event: 46.547 Executing VM operation: G1CollectForAllocation
Event: 46.548 Executing VM operation: G1CollectForAllocation done
Event: 46.770 Executing VM operation: G1CollectForAllocation
Event: 46.771 Executing VM operation: G1CollectForAllocation done

Events (20 events):
Event: 35.720 Thread 0x000002ed2abbef30 flushing nmethod 0x000002ed150b0210
Event: 35.720 Thread 0x000002ed2abbef30 flushing nmethod 0x000002ed150a8110
Event: 35.720 Thread 0x000002ed2abbef30 flushing nmethod 0x000002ed150a9c10
Event: 36.721 Thread 0x000002ed73ab9940 Thread added: 0x000002ed73ab9940
Event: 36.907 Thread 0x000002ed73ab9940 Thread exited: 0x000002ed73ab9940
Event: 37.088 Thread 0x000002ed73ab6cc0 Thread added: 0x000002ed73ab6cc0
Event: 37.590 Thread 0x000002ed73ab6cc0 Thread exited: 0x000002ed73ab6cc0
Event: 38.230 Thread 0x000002ed73ab5680 Thread added: 0x000002ed73ab5680
Event: 38.471 Thread 0x000002ed73ab5680 Thread exited: 0x000002ed73ab5680
Event: 39.159 Thread 0x000002ed73ab6cc0 Thread added: 0x000002ed73ab6cc0
Event: 39.159 Thread 0x000002ed73ab4b60 Thread added: 0x000002ed73ab4b60
Event: 39.624 Thread 0x000002ed73ab4b60 Thread exited: 0x000002ed73ab4b60
Event: 40.010 Thread 0x000002ed73ab6cc0 Thread exited: 0x000002ed73ab6cc0
Event: 40.412 Thread 0x000002ed73abb510 Thread added: 0x000002ed73abb510
Event: 40.422 Thread 0x000002ed73aba9f0 Thread added: 0x000002ed73aba9f0
Event: 40.576 Thread 0x000002ed73aba9f0 Thread exited: 0x000002ed73aba9f0
Event: 42.679 Thread 0x000002ed73abb510 Thread exited: 0x000002ed73abb510
Event: 45.225 Thread 0x000002ed73aba9f0 Thread added: 0x000002ed73aba9f0
Event: 45.225 Thread 0x000002ed73ab5680 Thread added: 0x000002ed73ab5680
Event: 45.346 Thread 0x000002ed73ab5680 Thread exited: 0x000002ed73ab5680


Dynamic libraries:
0x00007ff71f3a0000 - 0x00007ff71f3b0000 	C:\Program Files\Java\jdk-20\bin\java.exe
0x00007ffae7230000 - 0x00007ffae7428000 	C:\Windows\SYSTEM32\ntdll.dll
0x00007ffae5290000 - 0x00007ffae534f000 	C:\Windows\System32\KERNEL32.DLL
0x00007ffae4c10000 - 0x00007ffae4f06000 	C:\Windows\System32\KERNELBASE.dll
0x00007ffae4a60000 - 0x00007ffae4b60000 	C:\Windows\System32\ucrtbase.dll
0x00007ffad3590000 - 0x00007ffad35ab000 	C:\Program Files\Java\jdk-20\bin\VCRUNTIME140.dll
0x00007ffadc8d0000 - 0x00007ffadc8e9000 	C:\Program Files\Java\jdk-20\bin\jli.dll
0x00007ffae5ee0000 - 0x00007ffae5f8f000 	C:\Windows\System32\ADVAPI32.dll
0x00007ffae5600000 - 0x00007ffae569e000 	C:\Windows\System32\msvcrt.dll
0x00007ffae5e40000 - 0x00007ffae5edc000 	C:\Windows\System32\sechost.dll
0x00007ffae5350000 - 0x00007ffae5476000 	C:\Windows\System32\RPCRT4.dll
0x00007ffae6f10000 - 0x00007ffae70ad000 	C:\Windows\System32\USER32.dll
0x00007ffae3cf0000 - 0x00007ffae3f8a000 	C:\Windows\WinSxS\amd64_microsoft.windows.common-controls_6595b64144ccf1df_6.0.19041.1110_none_60b5254171f9507e\COMCTL32.dll
0x00007ffae4a30000 - 0x00007ffae4a52000 	C:\Windows\System32\win32u.dll
0x00007ffae55d0000 - 0x00007ffae55fc000 	C:\Windows\System32\GDI32.dll
0x00007ffae4910000 - 0x00007ffae4a25000 	C:\Windows\System32\gdi32full.dll
0x00007ffae5020000 - 0x00007ffae50bd000 	C:\Windows\System32\msvcp_win.dll
0x00007ffadde80000 - 0x00007ffadde8a000 	C:\Windows\SYSTEM32\VERSION.dll
0x00007ffae71b0000 - 0x00007ffae71e0000 	C:\Windows\System32\IMM32.DLL
0x00007ffadc990000 - 0x00007ffadc99c000 	C:\Program Files\Java\jdk-20\bin\vcruntime140_1.dll
0x00007ffad0790000 - 0x00007ffad081e000 	C:\Program Files\Java\jdk-20\bin\msvcp140.dll
0x00007ffa9f720000 - 0x00007ffaa03b8000 	C:\Program Files\Java\jdk-20\bin\server\jvm.dll
0x00007ffadfdf0000 - 0x00007ffadfdf9000 	C:\Windows\SYSTEM32\WSOCK32.dll
0x00007ffabc340000 - 0x00007ffabc367000 	C:\Windows\SYSTEM32\WINMM.dll
0x00007ffae5ca0000 - 0x00007ffae5d0b000 	C:\Windows\System32\WS2_32.dll
0x00007ffae2150000 - 0x00007ffae2162000 	C:\Windows\SYSTEM32\kernel.appcore.dll
0x00007ffadc8c0000 - 0x00007ffadc8ca000 	C:\Program Files\Java\jdk-20\bin\jimage.dll
0x00007ffae42a0000 - 0x00007ffae4484000 	C:\Windows\SYSTEM32\DBGHELP.DLL
0x00007ffae40c0000 - 0x00007ffae40f4000 	C:\Windows\SYSTEM32\dbgcore.DLL
0x00007ffae4f90000 - 0x00007ffae5012000 	C:\Windows\System32\bcryptPrimitives.dll
0x00007ffadf000000 - 0x00007ffadf00e000 	C:\Program Files\Java\jdk-20\bin\instrument.dll
0x00007ffad3560000 - 0x00007ffad3586000 	C:\Program Files\Java\jdk-20\bin\java.dll
0x00007ffac77d0000 - 0x00007ffac78a7000 	C:\Program Files\Java\jdk-20\bin\jsvml.dll
0x00007ffae62d0000 - 0x00007ffae6a14000 	C:\Windows\System32\SHELL32.dll
0x00007ffae2350000 - 0x00007ffae2ae4000 	C:\Windows\SYSTEM32\windows.storage.dll
0x00007ffae6a90000 - 0x00007ffae6de4000 	C:\Windows\System32\combase.dll
0x00007ffae3c50000 - 0x00007ffae3c7e000 	C:\Windows\SYSTEM32\Wldp.dll
0x00007ffae6220000 - 0x00007ffae62cd000 	C:\Windows\System32\SHCORE.dll
0x00007ffae5c40000 - 0x00007ffae5c95000 	C:\Windows\System32\shlwapi.dll
0x00007ffae4840000 - 0x00007ffae4865000 	C:\Windows\SYSTEM32\profapi.dll
0x00007ffad0180000 - 0x00007ffad0198000 	C:\Program Files\Java\jdk-20\bin\zip.dll
0x00007ffad3540000 - 0x00007ffad3553000 	C:\Program Files\Java\jdk-20\bin\net.dll
0x00007ffada2f0000 - 0x00007ffada3fa000 	C:\Windows\SYSTEM32\WINHTTP.dll
0x00007ffae39a0000 - 0x00007ffae3a0a000 	C:\Windows\system32\mswsock.dll
0x00007ffad1660000 - 0x00007ffad1676000 	C:\Program Files\Java\jdk-20\bin\nio.dll
0x00007ffad3a60000 - 0x00007ffad3a7a000 	C:\Program Files\JetBrains\IntelliJ IDEA 2023.1.4\bin\breakgen64.dll
0x00007ffad5f90000 - 0x00007ffad5f97000 	C:\Program Files\Java\jdk-20\bin\extnet.dll
0x00007ffadc950000 - 0x00007ffadc95a000 	C:\Program Files\Java\jdk-20\bin\management.dll
0x00007ffad6530000 - 0x00007ffad653b000 	C:\Program Files\Java\jdk-20\bin\management_ext.dll
0x00007ffae71e0000 - 0x00007ffae71e8000 	C:\Windows\System32\PSAPI.DLL
0x00007ffae4680000 - 0x00007ffae4698000 	C:\Windows\SYSTEM32\CRYPTSP.dll
0x00007ffae3330000 - 0x00007ffae3364000 	C:\Windows\system32\rsaenh.dll
0x00007ffae4f10000 - 0x00007ffae4f37000 	C:\Windows\System32\bcrypt.dll
0x00007ffae47c0000 - 0x00007ffae47ee000 	C:\Windows\SYSTEM32\USERENV.dll
0x00007ffae3c40000 - 0x00007ffae3c4c000 	C:\Windows\SYSTEM32\CRYPTBASE.dll
0x00007ffae36a0000 - 0x00007ffae36dc000 	C:\Windows\SYSTEM32\IPHLPAPI.DLL
0x00007ffae7140000 - 0x00007ffae7148000 	C:\Windows\System32\NSI.dll
0x00007ffaddbc0000 - 0x00007ffaddbd7000 	C:\Windows\SYSTEM32\dhcpcsvc6.DLL
0x00007ffaddb10000 - 0x00007ffaddb2d000 	C:\Windows\SYSTEM32\dhcpcsvc.DLL
0x00007ffae36e0000 - 0x00007ffae37aa000 	C:\Windows\SYSTEM32\DNSAPI.dll
0x00007ffad5ea0000 - 0x00007ffad5eae000 	C:\Program Files\Java\jdk-20\bin\sunmscapi.dll
0x00007ffae50c0000 - 0x00007ffae521e000 	C:\Windows\System32\CRYPT32.dll
0x00007ffae3cc0000 - 0x00007ffae3ce8000 	C:\Windows\SYSTEM32\ncrypt.dll
0x00007ffae3c80000 - 0x00007ffae3cbb000 	C:\Windows\SYSTEM32\NTASN1.dll
0x00007ffad5240000 - 0x00007ffad5250000 	C:\Program Files\Java\jdk-20\bin\verify.dll
0x0000000061400000 - 0x0000000061426000 	C:\Program Files\Bonjour\mdnsNSP.dll
0x00007ffad46e0000 - 0x00007ffad46ea000 	C:\Windows\System32\rasadhlp.dll
0x00007ffad45f0000 - 0x00007ffad4672000 	C:\Windows\System32\fwpuclnt.dll
0x00007ffad1700000 - 0x00007ffad1707000 	C:\Windows\system32\wshunix.dll

dbghelp: loaded successfully - version: 4.0.5 - missing functions: none
symbol engine: initialized successfully - sym options: 0x614 - pdb path: .;C:\Program Files\Java\jdk-20\bin;C:\Windows\SYSTEM32;C:\Windows\WinSxS\amd64_microsoft.windows.common-controls_6595b64144ccf1df_6.0.19041.1110_none_60b5254171f9507e;C:\Program Files\Java\jdk-20\bin\server;C:\Program Files\JetBrains\IntelliJ IDEA 2023.1.4\bin;C:\Program Files\Bonjour

VM Arguments:
jvm_args: -javaagent:C:\Program Files\JetBrains\IntelliJ IDEA 2023.1.4\lib\idea_rt.jar=52487:C:\Program Files\JetBrains\IntelliJ IDEA 2023.1.4\bin -Dfile.encoding=UTF-8 -Dsun.stdout.encoding=UTF-8 -Dsun.stderr.encoding=UTF-8 
java_command: com.example.demo.ProyectoFinalApplication
java_class_path (initial): D:\UNIVERSIDAD\Programacion\PROYECTO\Spring Boot\Proyecto\proyecto_final\target\classes;C:\Users\javie\.m2\repository\org\springframework\boot\spring-boot-devtools\3.1.2\spring-boot-devtools-3.1.2.jar;C:\Users\javie\.m2\repository\org\springframework\boot\spring-boot\3.1.2\spring-boot-3.1.2.jar;C:\Users\javie\.m2\repository\org\springframework\spring-context\6.0.11\spring-context-6.0.11.jar;C:\Users\javie\.m2\repository\org\springframework\boot\spring-boot-autoconfigure\3.1.2\spring-boot-autoconfigure-3.1.2.jar;C:\Users\javie\.m2\repository\org\springframework\boot\spring-boot-starter\3.1.2\spring-boot-starter-3.1.2.jar;C:\Users\javie\.m2\repository\org\springframework\boot\spring-boot-starter-logging\3.1.2\spring-boot-starter-logging-3.1.2.jar;C:\Users\javie\.m2\repository\ch\qos\logback\logback-classic\1.4.8\logback-classic-1.4.8.jar;C:\Users\javie\.m2\repository\ch\qos\logback\logback-core\1.4.8\logback-core-1.4.8.jar;C:\Users\javie\.m2\repository\org\apache\logging\log4j\log4j-to-slf4j\2.20.0\log4j-to-slf4j-2.20.0.jar;C:\Users\javie\.m2\repository\org\apache\logging\log4j\log4j-api\2.20.0\log4j-api-2.20.0.jar;C:\Users\javie\.m2\repository\org\slf4j\jul-to-slf4j\2.0.7\jul-to-slf4j-2.0.7.jar;C:\Users\javie\.m2\repository\jakarta\annotation\jakarta.annotation-api\2.1.1\jakarta.annotation-api-2.1.1.jar;C:\Users\javie\.m2\repository\org\yaml\snakeyaml\1.33\snakeyaml-1.33.jar;C:\Users\javie\.m2\repository\org\slf4j\slf4j-api\2.0.7\slf4j-api-2.0.7.jar;C:\Users\javie\.m2\repository\jakarta\xml\bind\jakarta.xml.bind-api\4.0.0\jakarta.xml.bind-api-4.0.0.jar;C:\Users\javie\.m2\repository\jakarta\activation\jakarta.activation-api\2.1.2\jakarta.activation-api-2.1.2.jar;C:\Users\javie\.m2\repository\net\bytebuddy\byte-buddy\1.14.5\byte-buddy-1.14.5.jar;C:\Users\javie\.m2\repository\org\springframework\spring-core\6.0.11\spring-core-6.0.11.jar;C:\Users\javie\.m2\repository\org\springframework\spring-jcl\6.0.11\spring-jcl-6.0.11.jar;C:\Users\javie\.m2\repository\com\github\ydespreaux\spring\data\spring-data-jpa\0.0.3\spring-data-jpa-0.0.3.jar;C:\Users\javie\.m2\repository\com\github\ydespreaux\spring\data\spring-data-commons\0.0.3\spring-data-commons-0.0.3.jar;C:\Users\javie\.m2\repository\org\springframework\data\spring-data-commons\3.1.2\spring-data-commons-3.1.2.jar;C:\Users\javie\.m2\repository\org\springframework\boot\spring-boot-starter-data-jpa\3.1.2\spring-boot-starter-data-jpa-3.1.2.jar;C:\Users\javie\.m2\repository\org\springframework\boot\spring-boot-starter-aop\3.1.2\spring-boot-starter-aop-3.1.2.jar;C:\Users\javie\.m2\repository\org\aspectj\aspectjweaver\1.9.19\aspectjweaver-1.9.19.jar;C:\Users\javie\.m2\repository\org\springframework\boot\spring-boot-starter-jdbc\3.1.2\spring-boot-starter-jdbc-3.1.2.jar;C:\Users\javie\.m2\repository\com\zaxxer\HikariCP\5.0.1\HikariCP-5.0.1.jar;C:\Users\javie\.m2\repository\org\springframework\spring-jdbc\6.0.11\spring-jdbc-6.0.11.jar;C:\Users\javie\.m2\repository\org\hibernate\orm\hibernate-core\6.2.6.Final\hibernate-core-6.2.6.Final.jar;C:\Users\javie\.m2\repository\jakarta\persistence\jakarta.persistence-api\3.1.0\jakarta.persistence-api-3.1.0.jar;C:\Users\javie\.m2\repository\jakarta\transaction\jakarta.transaction-api\2.0.1\jakarta.transaction-api-2.0.1.jar;C:\Users\javie\.m2\repository\org\jboss\logging\jboss-logging\3.5.3.Final\jboss-logging-3.5.3.Final.jar;C:\Users\javie\.m2\repository\org\hibernate\common\hibernate-commons-annotations\6.0.6.Final\hibernate-commons-annotations-6.0.6.Final.jar;C:\Users\javie\.m2\repository\io\smallrye\jandex\3.0.5\jandex-3.0.5.jar;C:\Users\javie\.m2\repository\com\fasterxml\classmate\1.5.1\classmate-1.5.1.jar;C:\Users\javie\.m2\repository\org\glassfish\jaxb\jaxb-runtime\4.0.3\jaxb-runtime-4.0.3.jar;C:\Users\javie\.m2\repository\org\glassfish\jaxb\jaxb-core\4.0.3\jaxb-core-4.0.3.jar;C:\Users\javie\.m2\repository\org\eclipse\angus\angus-activation\2.0.1\angus-activation-2.0.1.jar;C:\Users\javie\.m2\repository\org\glassfish\jaxb\txw2\4.0.3\txw2-4.0.3.jar;C:\Users\javie\.m2\repository\com\sun\istack\istack-commons-runtime\4.1.2\istack-commons-runtime-4.1.2.jar;C:\Users\javie\.m2\repository\jakarta\inject\jakarta.inject-api\2.0.1\jakarta.inject-api-2.0.1.jar;C:\Users\javie\.m2\repository\org\antlr\antlr4-runtime\4.10.1\antlr4-runtime-4.10.1.jar;C:\Users\javie\.m2\repository\org\springframework\data\spring-data-jpa\3.1.2\spring-data-jpa-3.1.2.jar;C:\Users\javie\.m2\repository\org\springframework\spring-orm\6.0.11\spring-orm-6.0.11.jar;C:\Users\javie\.m2\repository\org\springframework\spring-tx\6.0.11\spring-tx-6.0.11.jar;C:\Users\javie\.m2\repository\org\springframework\spring-aspects\6.0.11\spring-aspects-6.0.11.jar;C:\Users\javie\.m2\repository\org\projectlombok\lombok\1.18.28\lombok-1.18.28.jar;C:\Users\javie\.m2\repository\com\mysql\mysql-connector-j\8.0.32\mysql-connector-j-8.0.32.jar;C:\Users\javie\.m2\repository\org\springframework\boot\spring-boot-starter-thymeleaf\3.1.2\spring-boot-starter-thymeleaf-3.1.2.jar;C:\Users\javie\.m2\repository\org\thymeleaf\thymeleaf-spring6\3.1.1.RELEASE\thymeleaf-spring6-3.1.1.RELEASE.jar;C:\Users\javie\.m2\repository\org\thymeleaf\thymeleaf\3.1.1.RELEASE\thymeleaf-3.1.1.RELEASE.jar;C:\Users\javie\.m2\repository\org\attoparser\attoparser\2.0.6.RELEASE\attoparser-2.0.6.RELEASE.jar;C:\Users\javie\.m2\repository\org\unbescape\unbescape\1.1.6.RELEASE\unbescape-1.1.6.RELEASE.jar;C:\Users\javie\.m2\repository\org\springframework\boot\spring-boot-starter-web\3.1.2\spring-boot-starter-web-3.1.2.jar;C:\Users\javie\.m2\repository\org\springframework\boot\spring-boot-starter-json\3.1.2\spring-boot-starter-json-3.1.2.jar;C:\Users\javie\.m2\repository\com\fasterxml\jackson\core\jackson-databind\2.15.2\jackson-databind-2.15.2.jar;C:\Users\javie\.m2\repository\com\fasterxml\jackson\core\jackson-annotations\2.15.2\jackson-annotations-2.15.2.jar;C:\Users\javie\.m2\repository\com\fasterxml\jackson\core\jackson-core\2.15.2\jackson-core-2.15.2.jar;C:\Users\javie\.m2\repository\com\fasterxml\jackson\datatype\jackson-datatype-jdk8\2.15.2\jackson-datatype-jdk8-2.15.2.jar;C:\Users\javie\.m2\repository\com\fasterxml\jackson\datatype\jackson-datatype-jsr310\2.15.2\jackson-datatype-jsr310-2.15.2.jar;C:\Users\javie\.m2\repository\com\fasterxml\jackson\module\jackson-module-parameter-names\2.15.2\jackson-module-parameter-names-2.15.2.jar;C:\Users\javie\.m2\repository\org\springframework\boot\spring-boot-starter-tomcat\3.1.2\spring-boot-starter-tomcat-3.1.2.jar;C:\Users\javie\.m2\repository\org\apache\tomcat\embed\tomcat-embed-core\10.1.11\tomcat-embed-core-10.1.11.jar;C:\Users\javie\.m2\repository\org\apache\tomcat\embed\tomcat-embed-el\10.1.11\tomcat-embed-el-10.1.11.jar;C:\Users\javie\.m2\repository\org\apache\tomcat\embed\tomcat-embed-websocket\10.1.11\tomcat-embed-websocket-10.1.11.jar;C:\Users\javie\.m2\repository\org\springframework\spring-web\6.0.11\spring-web-6.0.11.jar;C:\Users\javie\.m2\repository\org\springframework\spring-beans\6.0.11\spring-beans-6.0.11.jar;C:\Users\javie\.m2\repository\io\micrometer\micrometer-observation\1.11.2\micrometer-observation-1.11.2.jar;C:\Users\javie\.m2\repository\io\micrometer\micrometer-commons\1.11.2\micrometer-commons-1.11.2.jar;C:\Users\javie\.m2\repository\org\springframework\spring-webmvc\6.0.11\spring-webmvc-6.0.11.jar;C:\Users\javie\.m2\repository\org\springframework\spring-aop\6.0.11\spring-aop-6.0.11.jar;C:\Users\javie\.m2\repository\org\springframework\spring-expression\6.0.11\spring-expression-6.0.11.jar;C:\Users\javie\.m2\repository\com\google\code\gson\gson\2.8.9\gson-2.8.9.jar
Launcher Type: SUN_STANDARD

[Global flags]
     intx CICompilerCount                          = 4                                         {product} {ergonomic}
     uint ConcGCThreads                            = 2                                         {product} {ergonomic}
     uint G1ConcRefinementThreads                  = 8                                         {product} {ergonomic}
   size_t G1HeapRegionSize                         = 2097152                                   {product} {ergonomic}
    uintx GCDrainStackTargetSize                   = 64                                        {product} {ergonomic}
   size_t InitialHeapSize                          = 201326592                                 {product} {ergonomic}
   size_t MarkStackSize                            = 4194304                                   {product} {ergonomic}
   size_t MaxHeapSize                              = 3191865344                                {product} {ergonomic}
   size_t MaxNewSize                               = 1914699776                                {product} {ergonomic}
   size_t MinHeapDeltaBytes                        = 2097152                                   {product} {ergonomic}
   size_t MinHeapSize                              = 8388608                                   {product} {ergonomic}
    uintx NonNMethodCodeHeapSize                   = 5839372                                {pd product} {ergonomic}
    uintx NonProfiledCodeHeapSize                  = 122909434                              {pd product} {ergonomic}
    uintx ProfiledCodeHeapSize                     = 122909434                              {pd product} {ergonomic}
    uintx ReservedCodeCacheSize                    = 251658240                              {pd product} {ergonomic}
     bool SegmentedCodeCache                       = true                                      {product} {ergonomic}
   size_t SoftMaxHeapSize                          = 3191865344                             {manageable} {ergonomic}
     bool UseCompressedClassPointers               = true                           {product lp64_product} {ergonomic}
     bool UseCompressedOops                        = true                           {product lp64_product} {ergonomic}
     bool UseG1GC                                  = true                                      {product} {ergonomic}
     bool UseLargePagesIndividualAllocation        = false                                  {pd product} {ergonomic}

Logging:
Log output configuration:
 #0: stdout all=warning uptime,level,tags foldmultilines=false
 #1: stderr all=off uptime,level,tags foldmultilines=false

Environment Variables:
PATH=C:\Program Files\Common Files\Oracle\Java\javapath;C:\Windows\system32;C:\Windows;C:\Windows\System32\Wbem;C:\Windows\System32\WindowsPowerShell\v1.0\;C:\Windows\System32\OpenSSH\;C:\Program Files\Git\cmd;C:\Program Files\nodejs\;C:\Program Files\Microsoft SQL Server\150\Tools\Binn\;C:\Program Files\Microsoft SQL Server\Client SDK\ODBC\170\Tools\Binn\;C:\Program Files\dotnet\;C:\Users\javie\AppData\Local\Microsoft\WindowsApps;;D:\SistemaApps\Microsoft VS Code\bin;C:\Users\javie\AppData\Roaming\npm;C:\Users\javie\.dotnet\tools;C:\Program Files\JetBrains\IntelliJ IDEA 2023.1.4\bin;
USERNAME=javie
OS=Windows_NT
PROCESSOR_IDENTIFIER=Intel64 Family 6 Model 158 Stepping 9, GenuineIntel
TMP=C:\Users\javie\AppData\Local\Temp
TEMP=C:\Users\javie\AppData\Local\Temp




---------------  S Y S T E M  ---------------

OS:
 Windows 10 , 64 bit Build 19041 (10.0.19041.3155)
OS uptime: 1 days 3:43 hours

CPU: total 8 (initial active 8) (4 cores per cpu, 2 threads per core) family 6 model 158 stepping 9 microcode 0xb4, cx8, cmov, fxsr, ht, mmx, 3dnowpref, sse, sse2, sse3, ssse3, sse4.1, sse4.2, popcnt, lzcnt, tsc, tscinvbit, avx, avx2, aes, erms, clmul, bmi1, bmi2, adx, fma, vzeroupper, clflush, clflushopt, rdtscp, f16c

Memory: 4k page, system-wide physical 12172M (3508M free)
TotalPageFile size 14220M (AvailPageFile size 5M)
current process WorkingSet (physical memory assigned to process): 313M, peak: 322M
current process commit charge ("private bytes"): 350M, peak: 360M

vm_info: Java HotSpot(TM) 64-Bit Server VM (20.0.2+9-78) for windows-amd64 JRE (20.0.2+9-78), built on 2023-06-14T10:08:48Z by "mach5one" with MS VC++ 17.1 (VS2022)

END.
