#
# There is insufficient memory for the Java Runtime Environment to continue.
# Native memory allocation (malloc) failed to allocate 1044896 bytes for Chunk::new
# Possible reasons:
#   The system is out of physical RAM or swap space
#   The process is running with CompressedOops enabled, and the Java Heap may be blocking the growth of the native heap
# Possible solutions:
#   Reduce memory load on the system
#   Increase physical memory or swap space
#   Check if swap backing store is full
#   Decrease Java heap size (-Xmx/-Xms)
#   Decrease number of Java threads
#   Decrease Java thread stack sizes (-Xss)
#   Set larger code cache with -XX:ReservedCodeCacheSize=
#   JVM is running with Zero Based Compressed Oops mode in which the Java heap is
#     placed in the first 32GB address space. The Java Heap base address is the
#     maximum limit for the native heap growth. Please use -XX:HeapBaseMinAddress
#     to set the Java Heap base and to place the Java Heap above 32GB virtual address.
# This output file may be truncated or incomplete.
#
#  Out of Memory Error (arena.cpp:184), pid=10960, tid=10952
#
# JRE version: Java(TM) SE Runtime Environment (20.0.2+9) (build 20.0.2+9-78)
# Java VM: Java HotSpot(TM) 64-Bit Server VM (20.0.2+9-78, mixed mode, sharing, tiered, compressed oops, compressed class ptrs, g1 gc, windows-amd64)
# No core dump will be written. Minidumps are not enabled by default on client versions of Windows
#

---------------  S U M M A R Y ------------

Command Line: -javaagent:C:\Program Files\JetBrains\IntelliJ IDEA 2023.1.4\lib\idea_rt.jar=52750:C:\Program Files\JetBrains\IntelliJ IDEA 2023.1.4\bin -Dfile.encoding=UTF-8 -Dsun.stdout.encoding=UTF-8 -Dsun.stderr.encoding=UTF-8 com.example.demo.ProyectoFinalApplication

Host: Intel(R) Core(TM) i7-7700HQ CPU @ 2.80GHz, 8 cores, 11G,  Windows 10 , 64 bit Build 19041 (10.0.19041.3155)
Time: Tue Aug  8 23:23:25 2023 Hora estándar de Bahía elapsed time: 63.102521 seconds (0d 0h 1m 3s)

---------------  T H R E A D  ---------------

Current thread (0x000001a6f3fa2570):  JavaThread "C2 CompilerThread0" daemon [_thread_in_native, id=10952, stack(0x000000838fa00000,0x000000838fb00000)]


Current CompileTask:
C2:  63102 9687   !   4       org.apache.coyote.http11.Http11Processor::prepareResponse (914 bytes)

Stack: [0x000000838fa00000,0x000000838fb00000]
Native frames: (J=compiled Java code, j=interpreted, Vv=VM code, C=native code)
V  [jvm.dll+0x6bc25a]
V  [jvm.dll+0x84971a]
V  [jvm.dll+0x84b315]
V  [jvm.dll+0x84ba13]
V  [jvm.dll+0x280e4f]
V  [jvm.dll+0xc2ab1]
V  [jvm.dll+0xc2dd5]
V  [jvm.dll+0x2f611f]
V  [jvm.dll+0x5e3b0b]
V  [jvm.dll+0x254684]
V  [jvm.dll+0x254a4f]
V  [jvm.dll+0x24d23d]
V  [jvm.dll+0x24a819]
V  [jvm.dll+0x1ce761]
V  [jvm.dll+0x25a0eb]
V  [jvm.dll+0x2587c0]
V  [jvm.dll+0x3f2dd5]
V  [jvm.dll+0x7f5c76]
V  [jvm.dll+0x6baecb]
C  [ucrtbase.dll+0x21bb2]
C  [KERNEL32.DLL+0x17614]
C  [ntdll.dll+0x526b1]


---------------  P R O C E S S  ---------------

Threads class SMR info:
_java_thread_list=0x000001a6f96a72e0, length=33, elements={
0x000001a6f3f90c60, 0x000001a6f3f91a60, 0x000001a6f3f93870, 0x000001a6f3f96d40,
0x000001a6f3f99aa0, 0x000001a6f3f9c3f0, 0x000001a6f3fa2570, 0x000001a6f3facf10,
0x000001a6f84a4a40, 0x000001a6f8727190, 0x000001a6f86bfba0, 0x000001a6f94cd460,
0x000001a6f94ca9e0, 0x000001a6f94cc9c0, 0x000001a6f94cd9b0, 0x000001a6f94cb9d0,
0x000001a6fc3e54c0, 0x000001a6fc3e5a10, 0x000001a6fc3e79f0, 0x000001a6fc3e2f90,
0x000001a6fc3e1fa0, 0x000001a6fc3e3a30, 0x000001a6fc3e3f80, 0x000001a6fc3e5f60,
0x000001a6fc3e64b0, 0x000001a6fc3e7f40, 0x000001a6fc3e44d0, 0x000001a6fc3e4a20,
0x000001a6fc3e6a00, 0x000001a6fc3e6f50, 0x000001a6fc3e74a0, 0x000001a6fc3e24f0,
0x000001a6fbec6100
}

Java Threads: ( => current thread )
  0x000001a6f3f90c60 JavaThread "Reference Handler" daemon [_thread_blocked, id=12328, stack(0x000000838f400000,0x000000838f500000)]
  0x000001a6f3f91a60 JavaThread "Finalizer" daemon [_thread_blocked, id=13632, stack(0x000000838f500000,0x000000838f600000)]
  0x000001a6f3f93870 JavaThread "Signal Dispatcher" daemon [_thread_blocked, id=13296, stack(0x000000838f600000,0x000000838f700000)]
  0x000001a6f3f96d40 JavaThread "Attach Listener" daemon [_thread_blocked, id=7796, stack(0x000000838f700000,0x000000838f800000)]
  0x000001a6f3f99aa0 JavaThread "Service Thread" daemon [_thread_blocked, id=6588, stack(0x000000838f800000,0x000000838f900000)]
  0x000001a6f3f9c3f0 JavaThread "Monitor Deflation Thread" daemon [_thread_blocked, id=8836, stack(0x000000838f900000,0x000000838fa00000)]
=>0x000001a6f3fa2570 JavaThread "C2 CompilerThread0" daemon [_thread_in_native, id=10952, stack(0x000000838fa00000,0x000000838fb00000)]
  0x000001a6f3facf10 JavaThread "C1 CompilerThread0" daemon [_thread_blocked, id=5164, stack(0x000000838fb00000,0x000000838fc00000)]
  0x000001a6f84a4a40 JavaThread "Common-Cleaner" daemon [_thread_blocked, id=2608, stack(0x000000838fc00000,0x000000838fd00000)]
  0x000001a6f8727190 JavaThread "Monitor Ctrl-Break" daemon [_thread_in_native, id=10472, stack(0x000000838fd00000,0x000000838fe00000)]
  0x000001a6f86bfba0 JavaThread "Notification Thread" daemon [_thread_blocked, id=2592, stack(0x000000838fe00000,0x000000838ff00000)]
  0x000001a6f94cd460 JavaThread "Catalina-utility-1" [_thread_blocked, id=3224, stack(0x0000008390c00000,0x0000008390d00000)]
  0x000001a6f94ca9e0 JavaThread "Catalina-utility-2" [_thread_blocked, id=12804, stack(0x0000008390d00000,0x0000008390e00000)]
  0x000001a6f94cc9c0 JavaThread "container-0" [_thread_blocked, id=8944, stack(0x0000008390e00000,0x0000008390f00000)]
  0x000001a6f94cd9b0 JavaThread "mysql-cj-abandoned-connection-cleanup" daemon [_thread_blocked, id=12496, stack(0x0000008390f00000,0x0000008391000000)]
  0x000001a6f94cb9d0 JavaThread "HikariPool-1 housekeeper" daemon [_thread_blocked, id=7044, stack(0x0000008391100000,0x0000008391200000)]
  0x000001a6fc3e54c0 JavaThread "File Watcher" daemon [_thread_blocked, id=11096, stack(0x0000008391300000,0x0000008391400000)]
  0x000001a6fc3e5a10 JavaThread "Live Reload Server" daemon [_thread_in_native, id=8256, stack(0x0000008391500000,0x0000008391600000)]
  0x000001a6fc3e79f0 JavaThread "http-nio-8080-exec-1" daemon [_thread_blocked, id=12588, stack(0x0000008391400000,0x0000008391500000)]
  0x000001a6fc3e2f90 JavaThread "http-nio-8080-exec-2" daemon [_thread_blocked, id=6412, stack(0x0000008391600000,0x0000008391700000)]
  0x000001a6fc3e1fa0 JavaThread "http-nio-8080-exec-3" daemon [_thread_blocked, id=144, stack(0x0000008391700000,0x0000008391800000)]
  0x000001a6fc3e3a30 JavaThread "http-nio-8080-exec-4" daemon [_thread_blocked, id=6800, stack(0x0000008391800000,0x0000008391900000)]
  0x000001a6fc3e3f80 JavaThread "http-nio-8080-exec-5" daemon [_thread_blocked, id=11776, stack(0x0000008391900000,0x0000008391a00000)]
  0x000001a6fc3e5f60 JavaThread "http-nio-8080-exec-6" daemon [_thread_blocked, id=2168, stack(0x0000008391a00000,0x0000008391b00000)]
  0x000001a6fc3e64b0 JavaThread "http-nio-8080-exec-7" daemon [_thread_blocked, id=13752, stack(0x0000008391b00000,0x0000008391c00000)]
  0x000001a6fc3e7f40 JavaThread "http-nio-8080-exec-8" daemon [_thread_blocked, id=2180, stack(0x0000008391c00000,0x0000008391d00000)]
  0x000001a6fc3e44d0 JavaThread "http-nio-8080-exec-9" daemon [_thread_blocked, id=10208, stack(0x0000008391d00000,0x0000008391e00000)]
  0x000001a6fc3e4a20 JavaThread "http-nio-8080-exec-10" daemon [_thread_blocked, id=2284, stack(0x0000008391e00000,0x0000008391f00000)]
  0x000001a6fc3e6a00 JavaThread "http-nio-8080-Poller" daemon [_thread_in_native, id=12404, stack(0x0000008391f00000,0x0000008392000000)]
  0x000001a6fc3e6f50 JavaThread "http-nio-8080-Acceptor" daemon [_thread_in_native, id=7224, stack(0x0000008392000000,0x0000008392100000)]
  0x000001a6fc3e74a0 JavaThread "scheduling-1" [_thread_blocked, id=13748, stack(0x0000008392100000,0x0000008392200000)]
  0x000001a6fc3e24f0 JavaThread "DestroyJavaVM" [_thread_blocked, id=4356, stack(0x000000838ed00000,0x000000838ee00000)]
  0x000001a6fbec6100 JavaThread "C2 CompilerThread1" daemon [_thread_in_vm, id=10584, stack(0x000000838ea00000,0x000000838eb00000)]

Other Threads:
  0x000001a6f3f71070 VMThread "VM Thread" [stack: 0x000000838f300000,0x000000838f400000] [id=5048]
  0x000001a6f87276e0 WatcherThread "VM Periodic Task Thread" [stack: 0x000000838ff00000,0x0000008390000000] [id=8964]
  0x000001a6d6045930 WorkerThread "GC Thread#0" [stack: 0x000000838ee00000,0x000000838ef00000] [id=13448]
  0x000001a6f8f86810 WorkerThread "GC Thread#1" [stack: 0x0000008390400000,0x0000008390500000] [id=12208]
  0x000001a6f8f8b490 WorkerThread "GC Thread#2" [stack: 0x0000008390500000,0x0000008390600000] [id=6056]
  0x000001a6f8fab1f0 WorkerThread "GC Thread#3" [stack: 0x0000008390600000,0x0000008390700000] [id=13228]
  0x000001a6f8faaf20 WorkerThread "GC Thread#4" [stack: 0x0000008390700000,0x0000008390800000] [id=12164]
  0x000001a6f8fabd30 WorkerThread "GC Thread#5" [stack: 0x0000008390800000,0x0000008390900000] [id=13056]
  0x000001a6f8fac2d0 WorkerThread "GC Thread#6" [stack: 0x0000008390a00000,0x0000008390b00000] [id=10624]
  0x000001a6f8fab790 WorkerThread "GC Thread#7" [stack: 0x0000008390b00000,0x0000008390c00000] [id=7472]
  0x000001a6d6052820 ConcurrentGCThread "G1 Main Marker" [stack: 0x000000838ef00000,0x000000838f000000] [id=1448]
  0x000001a6d60539f0 WorkerThread "G1 Conc#0" [stack: 0x000000838f000000,0x000000838f100000] [id=13768]
  0x000001a6f96be1d0 WorkerThread "G1 Conc#1" [stack: 0x0000008390900000,0x0000008390a00000] [id=5724]
  0x000001a6d60ad9c0 ConcurrentGCThread "G1 Refine#0" [stack: 0x000000838f100000,0x000000838f200000] [id=2528]
  0x000001a6d60ae460 ConcurrentGCThread "G1 Service" [stack: 0x000000838f200000,0x000000838f300000] [id=1028]

Threads with active compile tasks:
C2 CompilerThread0    63154 9687   !   4       org.apache.coyote.http11.Http11Processor::prepareResponse (914 bytes)
C2 CompilerThread1    63154 9691       4       org.apache.coyote.Request::getContentLengthLong (56 bytes)

VM state: not at safepoint (normal execution)

VM Mutex/Monitor currently owned by a thread: None

Heap address: 0x0000000741c00000, size: 3044 MB, Compressed Oops mode: Zero based, Oop shift amount: 3

CDS archive(s) mapped at: [0x000001a680000000-0x000001a680c60000-0x000001a680c60000), size 12976128, SharedBaseAddress: 0x000001a680000000, ArchiveRelocationMode: 1.
Compressed class space mapped at: 0x000001a681000000-0x000001a6c1000000, reserved size: 1073741824
Narrow klass base: 0x000001a680000000, Narrow klass shift: 0, Narrow klass range: 0x100000000

GC Precious Log:
 CardTable entry size: 512
 Card Set container configuration: InlinePtr #cards 4 size 8 Array Of Cards #cards 16 size 48 Howl #buckets 8 coarsen threshold 3686 Howl Bitmap #cards 512 size 80 coarsen threshold 460 Card regions per heap region 1 cards per card region 4096
 CPUs: 8 total, 8 available
 Memory: 12172M
 Large Page Support: Disabled
 NUMA Support: Disabled
 Compressed Oops: Enabled (Zero based)
 Heap Region Size: 2M
 Heap Min Capacity: 8M
 Heap Initial Capacity: 192M
 Heap Max Capacity: 3044M
 Pre-touch: Disabled
 Parallel Workers: 8
 Concurrent Workers: 2
 Concurrent Refinement Workers: 8
 Periodic GC: Disabled

Heap:
 garbage-first heap   total 61440K, used 34231K [0x0000000741c00000, 0x0000000800000000)
  region size 2048K, 4 young (8192K), 1 survivors (2048K)
 Metaspace       used 70929K, committed 71680K, reserved 1114112K
  class space    used 9119K, committed 9472K, reserved 1048576K

Heap Regions: E=young(eden), S=young(survivor), O=old, HS=humongous(starts), HC=humongous(continues), CS=collection set, F=free, OA=open archive, CA=closed archive, TAMS=top-at-mark-start, PB=parsable bottom
|   0|0x0000000741c00000, 0x0000000741e00000, 0x0000000741e00000|100%| O|  |TAMS 0x0000000741c00000| PB 0x0000000741c00000| Untracked 
|   1|0x0000000741e00000, 0x0000000742000000, 0x0000000742000000|100%| O|  |TAMS 0x0000000741e00000| PB 0x0000000741e00000| Untracked 
|   2|0x0000000742000000, 0x00000007421fdc00, 0x0000000742200000| 99%| O|  |TAMS 0x0000000742000000| PB 0x0000000742000000| Untracked 
|   3|0x0000000742200000, 0x0000000742400000, 0x0000000742400000|100%| O|  |TAMS 0x0000000742200000| PB 0x0000000742200000| Untracked 
|   4|0x0000000742400000, 0x00000007424dfe00, 0x0000000742600000| 43%| O|  |TAMS 0x0000000742400000| PB 0x0000000742400000| Untracked 
|   5|0x0000000742600000, 0x0000000742800000, 0x0000000742800000|100%| O|  |TAMS 0x0000000742600000| PB 0x0000000742600000| Untracked 
|   6|0x0000000742800000, 0x0000000742a00000, 0x0000000742a00000|100%| O|  |TAMS 0x0000000742800000| PB 0x0000000742800000| Untracked 
|   7|0x0000000742a00000, 0x0000000742c00000, 0x0000000742c00000|100%| O|  |TAMS 0x0000000742a00000| PB 0x0000000742a00000| Untracked 
|   8|0x0000000742c00000, 0x0000000742e00000, 0x0000000742e00000|100%| O|  |TAMS 0x0000000742c00000| PB 0x0000000742c00000| Untracked 
|   9|0x0000000742e00000, 0x0000000743000000, 0x0000000743000000|100%| O|  |TAMS 0x0000000742e00000| PB 0x0000000742e00000| Untracked 
|  10|0x0000000743000000, 0x0000000743200000, 0x0000000743200000|100%| O|  |TAMS 0x0000000743000000| PB 0x0000000743000000| Untracked 
|  11|0x0000000743200000, 0x0000000743400000, 0x0000000743400000|100%| O|  |TAMS 0x0000000743200000| PB 0x0000000743200000| Untracked 
|  12|0x0000000743400000, 0x0000000743600000, 0x0000000743600000|100%| O|  |TAMS 0x0000000743400000| PB 0x0000000743400000| Untracked 
|  13|0x0000000743600000, 0x0000000743800000, 0x0000000743800000|100%| O|  |TAMS 0x0000000743600000| PB 0x0000000743600000| Untracked 
|  14|0x0000000743800000, 0x0000000743a00000, 0x0000000743a00000|100%| O|  |TAMS 0x0000000743800000| PB 0x0000000743800000| Untracked 
|  15|0x0000000743a00000, 0x0000000743a00000, 0x0000000743c00000|  0%| F|  |TAMS 0x0000000743a00000| PB 0x0000000743a00000| Untracked 
|  16|0x0000000743c00000, 0x0000000743c00000, 0x0000000743e00000|  0%| F|  |TAMS 0x0000000743c00000| PB 0x0000000743c00000| Untracked 
|  17|0x0000000743e00000, 0x0000000743e00000, 0x0000000744000000|  0%| F|  |TAMS 0x0000000743e00000| PB 0x0000000743e00000| Untracked 
|  18|0x0000000744000000, 0x0000000744000000, 0x0000000744200000|  0%| F|  |TAMS 0x0000000744000000| PB 0x0000000744000000| Untracked 
|  19|0x0000000744200000, 0x0000000744290550, 0x0000000744400000| 28%| S|CS|TAMS 0x0000000744200000| PB 0x0000000744200000| Complete 
|  20|0x0000000744400000, 0x0000000744400000, 0x0000000744600000|  0%| F|  |TAMS 0x0000000744400000| PB 0x0000000744400000| Untracked 
|  21|0x0000000744600000, 0x0000000744600000, 0x0000000744800000|  0%| F|  |TAMS 0x0000000744600000| PB 0x0000000744600000| Untracked 
|  22|0x0000000744800000, 0x0000000744800000, 0x0000000744a00000|  0%| F|  |TAMS 0x0000000744800000| PB 0x0000000744800000| Untracked 
|  23|0x0000000744a00000, 0x0000000744a00000, 0x0000000744c00000|  0%| F|  |TAMS 0x0000000744a00000| PB 0x0000000744a00000| Untracked 
|  24|0x0000000744c00000, 0x0000000744c00000, 0x0000000744e00000|  0%| F|  |TAMS 0x0000000744c00000| PB 0x0000000744c00000| Untracked 
|  63|0x0000000749a00000, 0x0000000749a00000, 0x0000000749c00000|  0%| F|  |TAMS 0x0000000749a00000| PB 0x0000000749a00000| Untracked 
|  64|0x0000000749c00000, 0x0000000749c00000, 0x0000000749e00000|  0%| F|  |TAMS 0x0000000749c00000| PB 0x0000000749c00000| Untracked 
|  65|0x0000000749e00000, 0x0000000749fd6690, 0x000000074a000000| 91%| E|  |TAMS 0x0000000749e00000| PB 0x0000000749e00000| Complete 
|  66|0x000000074a000000, 0x000000074a200000, 0x000000074a200000|100%| E|CS|TAMS 0x000000074a000000| PB 0x000000074a000000| Complete 
|  95|0x000000074da00000, 0x000000074dc00000, 0x000000074dc00000|100%| E|CS|TAMS 0x000000074da00000| PB 0x000000074da00000| Complete 

Card table byte_map: [0x000001a6ed9f0000,0x000001a6edff0000] _byte_map_base: 0x000001a6e9fe2000

Marking Bits: (CMBitMap*) 0x000001a6d6045f60
 Bits: [0x000001a6ee5f0000, 0x000001a6f1580000)

Polling page: 0x000001a6d57b0000

Metaspace:

Usage:
  Non-class:     60.36 MB used.
      Class:      8.91 MB used.
       Both:     69.27 MB used.

Virtual space:
  Non-class space:       64.00 MB reserved,      60.75 MB ( 95%) committed,  1 nodes.
      Class space:        1.00 GB reserved,       9.25 MB ( <1%) committed,  1 nodes.
             Both:        1.06 GB reserved,      70.00 MB (  6%) committed. 

Chunk freelists:
   Non-Class:  3.11 MB
       Class:  2.81 MB
        Both:  5.92 MB

MaxMetaspaceSize: unlimited
CompressedClassSpaceSize: 1.00 GB
Initial GC threshold: 21.00 MB
Current GC threshold: 116.69 MB
CDS: on
MetaspaceReclaimPolicy: balanced
 - commit_granule_bytes: 65536.
 - commit_granule_words: 8192.
 - virtual_space_node_default_size: 8388608.
 - enlarge_chunks_in_place: 1.
 - new_chunks_are_fully_committed: 0.
 - uncommit_free_chunks: 1.
 - use_allocation_guard: 0.


Internal statistics:

num_allocs_failed_limit: 9.
num_arena_births: 894.
num_arena_deaths: 0.
num_vsnodes_births: 2.
num_vsnodes_deaths: 0.
num_space_committed: 1120.
num_space_uncommitted: 0.
num_chunks_returned_to_freelist: 9.
num_chunks_taken_from_freelist: 3366.
num_chunk_merges: 9.
num_chunk_splits: 2417.
num_chunks_enlarged: 1913.
num_inconsistent_stats: 0.

CodeHeap 'non-profiled nmethods': size=120000Kb used=5369Kb max_used=5369Kb free=114630Kb
 bounds [0x000001a6e5b90000, 0x000001a6e60d0000, 0x000001a6ed0c0000]
CodeHeap 'profiled nmethods': size=120000Kb used=14317Kb max_used=15416Kb free=105682Kb
 bounds [0x000001a6de0c0000, 0x000001a6df050000, 0x000001a6e55f0000]
CodeHeap 'non-nmethods': size=5760Kb used=1766Kb max_used=1866Kb free=3994Kb
 bounds [0x000001a6e55f0000, 0x000001a6e5860000, 0x000001a6e5b90000]
 total_blobs=7881 nmethods=7155 adapters=635
 compilation: enabled
              stopped_count=0, restarted_count=0
 full_count=0

Compilation events (20 events):
Event: 62.036 Thread 0x000001a6f3fa2570 nmethod 9678 0x000001a6e60c2190 code [0x000001a6e60c2300, 0x000001a6e60c24d8]
Event: 62.074 Thread 0x000001a6f3fa2570 9679 %     4       org.apache.tomcat.util.buf.ByteChunk::indexOf @ 3 (32 bytes)
Event: 62.079 Thread 0x000001a6f3fa2570 nmethod 9679% 0x000001a6e60c2590 code [0x000001a6e60c2700, 0x000001a6e60c2920]
Event: 62.171 Thread 0x000001a6f3fa2570 9680 %     4       org.apache.tomcat.util.http.MimeHeaders::clear @ 2 (31 bytes)
Event: 62.179 Thread 0x000001a6f3fa2570 nmethod 9680% 0x000001a6e60c2a90 code [0x000001a6e60c2c20, 0x000001a6e60c3078]
Event: 62.225 Thread 0x000001a6f3fa2570 9681       4       java.util.regex.Pattern$LastNode::match (45 bytes)
Event: 62.227 Thread 0x000001a6f3fa2570 nmethod 9681 0x000001a6e60c3290 code [0x000001a6e60c3400, 0x000001a6e60c3500]
Event: 62.535 Thread 0x000001a6f3fa2570 9682       4       java.lang.Throwable::toString (45 bytes)
Event: 62.542 Thread 0x000001a6f3fa2570 nmethod 9682 0x000001a6e60c3610 code [0x000001a6e60c37a0, 0x000001a6e60c3d10]
Event: 62.544 Thread 0x000001a6f3fa2570 9683       4       org.apache.tomcat.util.buf.CharChunk::toString (29 bytes)
Event: 62.545 Thread 0x000001a6f3fa2570 nmethod 9683 0x000001a6e60c3f10 code [0x000001a6e60c4080, 0x000001a6e60c4168]
Event: 62.634 Thread 0x000001a6f3fa2570 9684       4       org.apache.catalina.mapper.Mapper::compareIgnoreCase (139 bytes)
Event: 62.642 Thread 0x000001a6f3fa2570 nmethod 9684 0x000001a6e60c4290 code [0x000001a6e60c4440, 0x000001a6e60c4898]
Event: 62.642 Thread 0x000001a6f3fa2570 9686       4       org.springframework.web.servlet.mvc.method.annotation.AbstractMessageConverterMethodProcessor::getProducibleMediaTypes (185 bytes)
Event: 62.784 Thread 0x000001a6f3facf10 9689   !   3       java.util.concurrent.locks.LockSupport::park (47 bytes)
Event: 62.784 Thread 0x000001a6f3facf10 nmethod 9689 0x000001a6de813510 code [0x000001a6de8136e0, 0x000001a6de813ac8]
Event: 62.794 Thread 0x000001a6f3fa2570 nmethod 9686 0x000001a6e60c4c10 code [0x000001a6e60c4f20, 0x000001a6e60c73e0]
Event: 62.795 Thread 0x000001a6f3fa2570 9685       4       org.springframework.web.servlet.mvc.method.annotation.AbstractMessageConverterMethodProcessor::determineCompatibleMediaTypes (92 bytes)
Event: 62.823 Thread 0x000001a6f3fa2570 nmethod 9685 0x000001a6e60ca290 code [0x000001a6e60ca480, 0x000001a6e60cb598]
Event: 62.824 Thread 0x000001a6f3fa2570 9687   !   4       org.apache.coyote.http11.Http11Processor::prepareResponse (914 bytes)

GC Heap History (20 events):
Event: 58.719 GC heap before
{Heap before GC invocations=30 (full 0):
 garbage-first heap   total 59392K, used 50596K [0x0000000741c00000, 0x0000000800000000)
  region size 2048K, 12 young (24576K), 1 survivors (2048K)
 Metaspace       used 70875K, committed 71616K, reserved 1114112K
  class space    used 9119K, committed 9472K, reserved 1048576K
}
Event: 58.723 GC heap after
{Heap after GC invocations=31 (full 0):
 garbage-first heap   total 59392K, used 29962K [0x0000000741c00000, 0x0000000800000000)
  region size 2048K, 1 young (2048K), 1 survivors (2048K)
 Metaspace       used 70875K, committed 71616K, reserved 1114112K
  class space    used 9119K, committed 9472K, reserved 1048576K
}
Event: 59.223 GC heap before
{Heap before GC invocations=32 (full 0):
 garbage-first heap   total 59392K, used 52490K [0x0000000741c00000, 0x0000000800000000)
  region size 2048K, 12 young (24576K), 1 survivors (2048K)
 Metaspace       used 70915K, committed 71680K, reserved 1114112K
  class space    used 9119K, committed 9472K, reserved 1048576K
}
Event: 59.227 GC heap after
{Heap after GC invocations=33 (full 0):
 garbage-first heap   total 59392K, used 30041K [0x0000000741c00000, 0x0000000800000000)
  region size 2048K, 1 young (2048K), 1 survivors (2048K)
 Metaspace       used 70915K, committed 71680K, reserved 1114112K
  class space    used 9119K, committed 9472K, reserved 1048576K
}
Event: 59.596 GC heap before
{Heap before GC invocations=33 (full 0):
 garbage-first heap   total 59392K, used 52569K [0x0000000741c00000, 0x0000000800000000)
  region size 2048K, 12 young (24576K), 1 survivors (2048K)
 Metaspace       used 70919K, committed 71680K, reserved 1114112K
  class space    used 9119K, committed 9472K, reserved 1048576K
}
Event: 59.601 GC heap after
{Heap after GC invocations=34 (full 0):
 garbage-first heap   total 59392K, used 30164K [0x0000000741c00000, 0x0000000800000000)
  region size 2048K, 1 young (2048K), 1 survivors (2048K)
 Metaspace       used 70919K, committed 71680K, reserved 1114112K
  class space    used 9119K, committed 9472K, reserved 1048576K
}
Event: 59.969 GC heap before
{Heap before GC invocations=35 (full 0):
 garbage-first heap   total 59392K, used 52692K [0x0000000741c00000, 0x0000000800000000)
  region size 2048K, 12 young (24576K), 1 survivors (2048K)
 Metaspace       used 70920K, committed 71680K, reserved 1114112K
  class space    used 9119K, committed 9472K, reserved 1048576K
}
Event: 59.972 GC heap after
{Heap after GC invocations=36 (full 0):
 garbage-first heap   total 59392K, used 30058K [0x0000000741c00000, 0x0000000800000000)
  region size 2048K, 1 young (2048K), 1 survivors (2048K)
 Metaspace       used 70920K, committed 71680K, reserved 1114112K
  class space    used 9119K, committed 9472K, reserved 1048576K
}
Event: 60.304 GC heap before
{Heap before GC invocations=36 (full 0):
 garbage-first heap   total 59392K, used 52586K [0x0000000741c00000, 0x0000000800000000)
  region size 2048K, 12 young (24576K), 1 survivors (2048K)
 Metaspace       used 70920K, committed 71680K, reserved 1114112K
  class space    used 9119K, committed 9472K, reserved 1048576K
}
Event: 60.307 GC heap after
{Heap after GC invocations=37 (full 0):
 garbage-first heap   total 59392K, used 30024K [0x0000000741c00000, 0x0000000800000000)
  region size 2048K, 1 young (2048K), 1 survivors (2048K)
 Metaspace       used 70920K, committed 71680K, reserved 1114112K
  class space    used 9119K, committed 9472K, reserved 1048576K
}
Event: 60.948 GC heap before
{Heap before GC invocations=38 (full 0):
 garbage-first heap   total 59392K, used 50504K [0x0000000741c00000, 0x0000000800000000)
  region size 2048K, 12 young (24576K), 1 survivors (2048K)
 Metaspace       used 70920K, committed 71680K, reserved 1114112K
  class space    used 9119K, committed 9472K, reserved 1048576K
}
Event: 60.951 GC heap after
{Heap after GC invocations=39 (full 0):
 garbage-first heap   total 59392K, used 30010K [0x0000000741c00000, 0x0000000800000000)
  region size 2048K, 1 young (2048K), 1 survivors (2048K)
 Metaspace       used 70920K, committed 71680K, reserved 1114112K
  class space    used 9119K, committed 9472K, reserved 1048576K
}
Event: 61.655 GC heap before
{Heap before GC invocations=39 (full 0):
 garbage-first heap   total 59392K, used 52538K [0x0000000741c00000, 0x0000000800000000)
  region size 2048K, 12 young (24576K), 1 survivors (2048K)
 Metaspace       used 70929K, committed 71680K, reserved 1114112K
  class space    used 9119K, committed 9472K, reserved 1048576K
}
Event: 61.659 GC heap after
{Heap after GC invocations=40 (full 0):
 garbage-first heap   total 59392K, used 30056K [0x0000000741c00000, 0x0000000800000000)
  region size 2048K, 1 young (2048K), 1 survivors (2048K)
 Metaspace       used 70929K, committed 71680K, reserved 1114112K
  class space    used 9119K, committed 9472K, reserved 1048576K
}
Event: 62.257 GC heap before
{Heap before GC invocations=41 (full 0):
 garbage-first heap   total 59392K, used 52584K [0x0000000741c00000, 0x0000000800000000)
  region size 2048K, 12 young (24576K), 1 survivors (2048K)
 Metaspace       used 70929K, committed 71680K, reserved 1114112K
  class space    used 9119K, committed 9472K, reserved 1048576K
}
Event: 62.261 GC heap after
{Heap after GC invocations=42 (full 0):
 garbage-first heap   total 59392K, used 30128K [0x0000000741c00000, 0x0000000800000000)
  region size 2048K, 1 young (2048K), 1 survivors (2048K)
 Metaspace       used 70929K, committed 71680K, reserved 1114112K
  class space    used 9119K, committed 9472K, reserved 1048576K
}
Event: 62.776 GC heap before
{Heap before GC invocations=42 (full 0):
 garbage-first heap   total 59392K, used 50608K [0x0000000741c00000, 0x0000000800000000)
  region size 2048K, 11 young (22528K), 1 survivors (2048K)
 Metaspace       used 70929K, committed 71680K, reserved 1114112K
  class space    used 9119K, committed 9472K, reserved 1048576K
}
Event: 62.778 GC heap after
{Heap after GC invocations=43 (full 0):
 garbage-first heap   total 59392K, used 30077K [0x0000000741c00000, 0x0000000800000000)
  region size 2048K, 1 young (2048K), 1 survivors (2048K)
 Metaspace       used 70929K, committed 71680K, reserved 1114112K
  class space    used 9119K, committed 9472K, reserved 1048576K
}
Event: 63.052 GC heap before
{Heap before GC invocations=44 (full 0):
 garbage-first heap   total 61440K, used 50557K [0x0000000741c00000, 0x0000000800000000)
  region size 2048K, 11 young (22528K), 1 survivors (2048K)
 Metaspace       used 70929K, committed 71680K, reserved 1114112K
  class space    used 9119K, committed 9472K, reserved 1048576K
}
Event: 63.054 GC heap after
{Heap after GC invocations=45 (full 0):
 garbage-first heap   total 61440K, used 30135K [0x0000000741c00000, 0x0000000800000000)
  region size 2048K, 1 young (2048K), 1 survivors (2048K)
 Metaspace       used 70929K, committed 71680K, reserved 1114112K
  class space    used 9119K, committed 9472K, reserved 1048576K
}

Dll operation events (14 events):
Event: 0.015 Loaded shared library C:\Program Files\Java\jdk-20\bin\java.dll
Event: 0.034 Loaded shared library C:\Program Files\Java\jdk-20\bin\jsvml.dll
Event: 0.150 Loaded shared library C:\Program Files\Java\jdk-20\bin\zip.dll
Event: 0.154 Loaded shared library C:\Program Files\Java\jdk-20\bin\instrument.dll
Event: 0.161 Loaded shared library C:\Program Files\Java\jdk-20\bin\net.dll
Event: 0.163 Loaded shared library C:\Program Files\Java\jdk-20\bin\nio.dll
Event: 0.169 Loaded shared library C:\Program Files\Java\jdk-20\bin\zip.dll
Event: 0.381 Loaded shared library C:\Program Files\JetBrains\IntelliJ IDEA 2023.1.4\bin\breakgen64.dll
Event: 0.398 Loaded shared library C:\Program Files\Java\jdk-20\bin\extnet.dll
Event: 0.451 Loaded shared library C:\Program Files\Java\jdk-20\bin\jimage.dll
Event: 0.738 Loaded shared library C:\Program Files\Java\jdk-20\bin\management.dll
Event: 0.740 Loaded shared library C:\Program Files\Java\jdk-20\bin\management_ext.dll
Event: 3.511 Loaded shared library C:\Program Files\Java\jdk-20\bin\sunmscapi.dll
Event: 4.143 Loaded shared library C:\Program Files\Java\jdk-20\bin\verify.dll

Deoptimization events (20 events):
Event: 57.327 Thread 0x000001a6fc3e4a20 DEOPT PACKING pc=0x000001a6e5ed3250 sp=0x0000008391efd2a0
Event: 57.327 Thread 0x000001a6fc3e4a20 DEOPT UNPACKING pc=0x000001a6e5659d22 sp=0x0000008391efd200 mode 2
Event: 58.554 Thread 0x000001a6fc3e64b0 DEOPT PACKING pc=0x000001a6ded4fb98 sp=0x0000008391bfcb40
Event: 58.554 Thread 0x000001a6fc3e64b0 DEOPT UNPACKING pc=0x000001a6e565a4c2 sp=0x0000008391bfc088 mode 0
Event: 58.878 Thread 0x000001a6fc3e79f0 Uncommon trap: trap_request=0xffffff76 fr.pc=0x000001a6e601686c relative=0x000000000000370c
Event: 58.878 Thread 0x000001a6fc3e79f0 Uncommon trap: reason=predicate action=maybe_recompile pc=0x000001a6e601686c method=java.lang.Throwable.printEnclosedStackTrace(Ljava/lang/Throwable$PrintStreamOrWriter;[Ljava/lang/StackTraceElement;Ljava/lang/String;Ljava/lang/String;Ljava/util/Set;)V @ 
Event: 58.878 Thread 0x000001a6fc3e79f0 DEOPT PACKING pc=0x000001a6e601686c sp=0x00000083914fcab0
Event: 58.878 Thread 0x000001a6fc3e79f0 DEOPT UNPACKING pc=0x000001a6e5659d22 sp=0x00000083914fca80 mode 2
Event: 59.934 Thread 0x000001a6fc3e64b0 Uncommon trap: trap_request=0xfffffff4 fr.pc=0x000001a6e6069fb8 relative=0x0000000000000558
Event: 59.934 Thread 0x000001a6fc3e64b0 Uncommon trap: reason=null_check action=make_not_entrant pc=0x000001a6e6069fb8 method=org.springframework.core.convert.TypeDescriptor.isCollection()Z @ 6 c2
Event: 59.934 Thread 0x000001a6fc3e64b0 DEOPT PACKING pc=0x000001a6e6069fb8 sp=0x0000008391bfcba0
Event: 59.934 Thread 0x000001a6fc3e64b0 DEOPT UNPACKING pc=0x000001a6e5659d22 sp=0x0000008391bfcb10 mode 2
Event: 60.048 Thread 0x000001a6fc3e7f40 Uncommon trap: trap_request=0xfffffff4 fr.pc=0x000001a6e606c424 relative=0x00000000000005c4
Event: 60.048 Thread 0x000001a6fc3e2f90 Uncommon trap: trap_request=0xfffffff4 fr.pc=0x000001a6e606c424 relative=0x00000000000005c4
Event: 60.048 Thread 0x000001a6fc3e2f90 Uncommon trap: reason=null_check action=make_not_entrant pc=0x000001a6e606c424 method=org.springframework.core.convert.TypeDescriptor.isMap()Z @ 6 c2
Event: 60.048 Thread 0x000001a6fc3e7f40 Uncommon trap: reason=null_check action=make_not_entrant pc=0x000001a6e606c424 method=org.springframework.core.convert.TypeDescriptor.isMap()Z @ 6 c2
Event: 60.048 Thread 0x000001a6fc3e7f40 DEOPT PACKING pc=0x000001a6e606c424 sp=0x0000008391cfc980
Event: 60.048 Thread 0x000001a6fc3e2f90 DEOPT PACKING pc=0x000001a6e606c424 sp=0x00000083916fc540
Event: 60.048 Thread 0x000001a6fc3e2f90 DEOPT UNPACKING pc=0x000001a6e5659d22 sp=0x00000083916fc4b0 mode 2
Event: 60.048 Thread 0x000001a6fc3e7f40 DEOPT UNPACKING pc=0x000001a6e5659d22 sp=0x0000008391cfc8f0 mode 2

Classes loaded (20 events):
Event: 44.271 Loading class java/util/stream/LongStream
Event: 44.271 Loading class java/util/stream/LongStream done
Event: 44.271 Loading class java/util/stream/DoubleStream
Event: 44.272 Loading class java/util/stream/DoubleStream done
Event: 44.282 Loading class org/w3c/dom/Node
Event: 44.283 Loading class org/w3c/dom/Node done
Event: 44.283 Loading class org/w3c/dom/Document
Event: 44.283 Loading class org/w3c/dom/Document done
Event: 54.005 Loading class java/util/concurrent/locks/ReentrantReadWriteLock$Sync$HoldCounter
Event: 54.005 Loading class java/util/concurrent/locks/ReentrantReadWriteLock$Sync$HoldCounter done
Event: 54.033 Loading class java/io/PrintWriter$1
Event: 54.034 Loading class jdk/internal/access/JavaIOPrintWriterAccess
Event: 54.034 Loading class jdk/internal/access/JavaIOPrintWriterAccess done
Event: 54.034 Loading class java/io/PrintWriter$1 done
Event: 54.034 Loading class java/lang/Throwable$WrappedPrintWriter
Event: 54.034 Loading class java/lang/Throwable$PrintStreamOrWriter
Event: 54.034 Loading class java/lang/Throwable$PrintStreamOrWriter done
Event: 54.034 Loading class java/lang/Throwable$WrappedPrintWriter done
Event: 61.167 Loading class sun/util/locale/LocaleExtensions
Event: 61.172 Loading class sun/util/locale/LocaleExtensions done

Classes unloaded (0 events):
No events

Classes redefined (0 events):
No events

Internal exceptions (20 events):
Event: 6.505 Thread 0x000001a6f8fe7120 Exception <a 'java/lang/NoSuchMethodError'{0x000000074416c408}: 'java.lang.Object java.lang.invoke.DirectMethodHandle$Holder.newInvokeSpecial(java.lang.Object, java.lang.Object, int)'> (0x000000074416c408) 
thrown [s\open\src\hotspot\share\interpreter\linkResolver.cpp, line 773]
Event: 6.508 Thread 0x000001a6f8fe7120 Exception <a 'java/lang/NoSuchMethodError'{0x000000074418b2d0}: 'java.lang.Object java.lang.invoke.Invokers$Holder.invoke_MT(java.lang.Object, java.lang.Object, java.lang.Object, java.lang.Object, java.lang.Object, java.lang.Object, java.lang.Object, java.lang.Object, java.lang.Object)'> (0x000000074418b2d0) 
thrown [s\open\src\hotspot\share\interpreter\linkResolver.cpp, line 773]
Event: 6.512 Thread 0x000001a6f8fe7120 Exception <a 'java/lang/IncompatibleClassChangeError'{0x00000007441b1888}: Found class java.lang.Object, but interface was expected> (0x00000007441b1888) 
thrown [s\open\src\hotspot\share\interpreter\linkResolver.cpp, line 840]
Event: 6.864 Thread 0x000001a6f8fe7120 Exception <a 'java/lang/NoSuchMethodError'{0x00000007442ed300}: 'java.lang.Object java.lang.invoke.DirectMethodHandle$Holder.newInvokeSpecial(java.lang.Object, java.lang.Object, java.lang.Object, java.lang.Object, java.lang.Object, java.lang.Object, java.lang.Object, java.lang.Object)'> (0x00000007442ed300) 
thrown [s\open\src\hotspot\share\interpreter\linkResolver.cpp, line 773]
Event: 6.985 Thread 0x000001a6f8fe7120 Exception <a 'java/lang/NoSuchMethodError'{0x0000000749ebae20}: 'void java.lang.invoke.DirectMethodHandle$Holder.invokeVirtual(java.lang.Object, java.lang.Object, long)'> (0x0000000749ebae20) 
thrown [s\open\src\hotspot\share\interpreter\linkResolver.cpp, line 773]
Event: 7.132 Thread 0x000001a6f8fe7120 Exception <a 'java/lang/IncompatibleClassChangeError'{0x0000000744797288}: Found class java.lang.Object, but interface was expected> (0x0000000744797288) 
thrown [s\open\src\hotspot\share\interpreter\linkResolver.cpp, line 840]
Event: 7.166 Thread 0x000001a6f8fe7120 Exception <a 'java/lang/NoSuchMethodError'{0x0000000744536bd0}: 'int java.lang.invoke.DirectMethodHandle$Holder.invokeStaticInit(java.lang.Object, java.lang.Object, java.lang.Object, java.lang.Object)'> (0x0000000744536bd0) 
thrown [s\open\src\hotspot\share\interpreter\linkResolver.cpp, line 773]
Event: 7.241 Thread 0x000001a6f8fe7120 Implicit null exception at 0x000001a6e5c9dc4b to 0x000001a6e5c9de94
Event: 7.382 Thread 0x000001a6f8fe7120 Exception <a 'java/lang/NoSuchMethodError'{0x000000074a14c960}: 'java.lang.Object java.lang.invoke.DirectMethodHandle$Holder.newInvokeSpecial(java.lang.Object, java.lang.Object, int, java.lang.Object, java.lang.Object)'> (0x000000074a14c960) 
thrown [s\open\src\hotspot\share\interpreter\linkResolver.cpp, line 773]
Event: 7.383 Thread 0x000001a6f8fe7120 Exception <a 'java/lang/NoSuchMethodError'{0x000000074a157718}: 'java.lang.Object java.lang.invoke.DirectMethodHandle$Holder.invokeSpecial(java.lang.Object, java.lang.Object, int, java.lang.Object, int, java.lang.Object)'> (0x000000074a157718) 
thrown [s\open\src\hotspot\share\interpreter\linkResolver.cpp, line 773]
Event: 7.384 Thread 0x000001a6f8fe7120 Exception <a 'java/lang/NoSuchMethodError'{0x000000074a15f4e8}: 'java.lang.Object java.lang.invoke.DirectMethodHandle$Holder.newInvokeSpecial(java.lang.Object, java.lang.Object, int, java.lang.Object, int)'> (0x000000074a15f4e8) 
thrown [s\open\src\hotspot\share\interpreter\linkResolver.cpp, line 773]
Event: 7.384 Thread 0x000001a6f8fe7120 Exception <a 'java/lang/NoSuchMethodError'{0x000000074a163358}: 'java.lang.Object java.lang.invoke.DirectMethodHandle$Holder.invokeSpecial(java.lang.Object, java.lang.Object, java.lang.Object, int, java.lang.Object, int)'> (0x000000074a163358) 
thrown [s\open\src\hotspot\share\interpreter\linkResolver.cpp, line 773]
Event: 7.490 Thread 0x000001a6f8fe7120 Exception <a 'java/lang/NoSuchMethodError'{0x0000000749dbd128}: 'java.lang.Object java.lang.invoke.DirectMethodHandle$Holder.invokeInterface(java.lang.Object, java.lang.Object, java.lang.Object, java.lang.Object)'> (0x0000000749dbd128) 
thrown [s\open\src\hotspot\share\interpreter\linkResolver.cpp, line 773]
Event: 37.482 Thread 0x000001a6fc3e74a0 Exception <a 'java/lang/NoSuchMethodError'{0x0000000744263568}: 'void java.lang.invoke.DirectMethodHandle$Holder.invokeSpecialIFC(java.lang.Object, java.lang.Object, int, java.lang.Object, java.lang.Object, java.lang.Object, java.lang.Object)'> (0x0000000744263568) 
thrown [s\open\src\hotspot\share\interpreter\linkResolver.cpp, line 773]
Event: 44.156 Thread 0x000001a6fc3e79f0 Exception <a 'java/lang/NoSuchMethodError'{0x000000074db76e48}: 'java.lang.Object java.lang.invoke.DirectMethodHandle$Holder.invokeSpecial(java.lang.Object, java.lang.Object, java.lang.Object, java.lang.Object, java.lang.Object, long)'> (0x000000074db76e48) 
thrown [s\open\src\hotspot\share\interpreter\linkResolver.cpp, line 773]
Event: 44.156 Thread 0x000001a6fc3e79f0 Exception <a 'java/lang/NoSuchMethodError'{0x000000074db7a860}: 'java.lang.Object java.lang.invoke.Invokers$Holder.linkToTargetMethod(java.lang.Object, java.lang.Object, java.lang.Object, long, java.lang.Object)'> (0x000000074db7a860) 
thrown [s\open\src\hotspot\share\interpreter\linkResolver.cpp, line 773]
Event: 56.998 Thread 0x000001a6fc3e6f50 Implicit null exception at 0x000001a6e5d26eeb to 0x000001a6e5d26f64
Event: 59.934 Thread 0x000001a6fc3e64b0 Implicit null exception at 0x000001a6e6069d2f to 0x000001a6e6069fa8
Event: 60.048 Thread 0x000001a6fc3e7f40 Implicit null exception at 0x000001a6e606c137 to 0x000001a6e606c414
Event: 60.048 Thread 0x000001a6fc3e2f90 Implicit null exception at 0x000001a6e606c137 to 0x000001a6e606c414

VM Operations (20 events):
Event: 60.372 Executing VM operation: G1PauseCleanup
Event: 60.373 Executing VM operation: G1PauseCleanup done
Event: 60.948 Executing VM operation: G1CollectForAllocation
Event: 60.951 Executing VM operation: G1CollectForAllocation done
Event: 61.655 Executing VM operation: G1CollectForAllocation
Event: 61.659 Executing VM operation: G1CollectForAllocation done
Event: 61.703 Executing VM operation: G1PauseRemark
Event: 61.706 Executing VM operation: G1PauseRemark done
Event: 61.719 Executing VM operation: G1PauseCleanup
Event: 61.719 Executing VM operation: G1PauseCleanup done
Event: 62.257 Executing VM operation: G1CollectForAllocation
Event: 62.261 Executing VM operation: G1CollectForAllocation done
Event: 62.776 Executing VM operation: G1CollectForAllocation
Event: 62.778 Executing VM operation: G1CollectForAllocation done
Event: 62.818 Executing VM operation: G1PauseRemark
Event: 62.822 Executing VM operation: G1PauseRemark done
Event: 62.834 Executing VM operation: G1PauseCleanup
Event: 62.835 Executing VM operation: G1PauseCleanup done
Event: 63.052 Executing VM operation: G1CollectForAllocation
Event: 63.054 Executing VM operation: G1CollectForAllocation done

Events (20 events):
Event: 62.822 Thread 0x000001a6f3f71070 flushing nmethod 0x000001a6dea9ea90
Event: 62.822 Thread 0x000001a6f3f71070 flushing nmethod 0x000001a6dea0b410
Event: 62.822 Thread 0x000001a6f3f71070 flushing nmethod 0x000001a6de917690
Event: 62.822 Thread 0x000001a6f3f71070 flushing nmethod 0x000001a6de88e990
Event: 62.822 Thread 0x000001a6f3f71070 flushing nmethod 0x000001a6de824790
Event: 62.822 Thread 0x000001a6f3f71070 flushing nmethod 0x000001a6de5b4f90
Event: 62.822 Thread 0x000001a6f3f71070 flushing nmethod 0x000001a6de626d10
Event: 62.822 Thread 0x000001a6f3f71070 flushing nmethod 0x000001a6de62de10
Event: 62.822 Thread 0x000001a6f3f71070 flushing nmethod 0x000001a6de5ed790
Event: 62.822 Thread 0x000001a6f3f71070 flushing nmethod 0x000001a6de58b190
Event: 62.822 Thread 0x000001a6f3f71070 flushing nmethod 0x000001a6de502310
Event: 62.822 Thread 0x000001a6f3f71070 flushing nmethod 0x000001a6de4b1890
Event: 62.822 Thread 0x000001a6f3f71070 flushing nmethod 0x000001a6de499b90
Event: 62.822 Thread 0x000001a6f3f71070 flushing nmethod 0x000001a6de3c0010
Event: 62.822 Thread 0x000001a6f3f71070 flushing nmethod 0x000001a6de3bdb90
Event: 62.822 Thread 0x000001a6f3f71070 flushing nmethod 0x000001a6de33f790
Event: 62.822 Thread 0x000001a6f3f71070 flushing nmethod 0x000001a6de25ce90
Event: 62.822 Thread 0x000001a6f3f71070 flushing nmethod 0x000001a6de2f0610
Event: 62.822 Thread 0x000001a6f3f71070 flushing nmethod 0x000001a6de263890
Event: 62.822 Thread 0x000001a6f3f71070 flushing nmethod 0x000001a6de1a9310


Dynamic libraries:
0x00007ff7716f0000 - 0x00007ff771700000 	C:\Program Files\Java\jdk-20\bin\java.exe
0x00007ffae7230000 - 0x00007ffae7428000 	C:\Windows\SYSTEM32\ntdll.dll
0x00007ffae5290000 - 0x00007ffae534f000 	C:\Windows\System32\KERNEL32.DLL
0x00007ffae4c10000 - 0x00007ffae4f06000 	C:\Windows\System32\KERNELBASE.dll
0x00007ffae4a60000 - 0x00007ffae4b60000 	C:\Windows\System32\ucrtbase.dll
0x00007ffadd9a0000 - 0x00007ffadd9bb000 	C:\Program Files\Java\jdk-20\bin\VCRUNTIME140.dll
0x00007ffadd9c0000 - 0x00007ffadd9d9000 	C:\Program Files\Java\jdk-20\bin\jli.dll
0x00007ffae5ee0000 - 0x00007ffae5f8f000 	C:\Windows\System32\ADVAPI32.dll
0x00007ffae5600000 - 0x00007ffae569e000 	C:\Windows\System32\msvcrt.dll
0x00007ffae5e40000 - 0x00007ffae5edc000 	C:\Windows\System32\sechost.dll
0x00007ffae5350000 - 0x00007ffae5476000 	C:\Windows\System32\RPCRT4.dll
0x00007ffae6f10000 - 0x00007ffae70ad000 	C:\Windows\System32\USER32.dll
0x00007ffae3cf0000 - 0x00007ffae3f8a000 	C:\Windows\WinSxS\amd64_microsoft.windows.common-controls_6595b64144ccf1df_6.0.19041.1110_none_60b5254171f9507e\COMCTL32.dll
0x00007ffae4a30000 - 0x00007ffae4a52000 	C:\Windows\System32\win32u.dll
0x00007ffae55d0000 - 0x00007ffae55fc000 	C:\Windows\System32\GDI32.dll
0x00007ffae4910000 - 0x00007ffae4a25000 	C:\Windows\System32\gdi32full.dll
0x00007ffae5020000 - 0x00007ffae50bd000 	C:\Windows\System32\msvcp_win.dll
0x00007ffadde80000 - 0x00007ffadde8a000 	C:\Windows\SYSTEM32\VERSION.dll
0x00007ffae71b0000 - 0x00007ffae71e0000 	C:\Windows\System32\IMM32.DLL
0x00007ffadd970000 - 0x00007ffadd97c000 	C:\Program Files\Java\jdk-20\bin\vcruntime140_1.dll
0x00007ffa96340000 - 0x00007ffa963ce000 	C:\Program Files\Java\jdk-20\bin\msvcp140.dll
0x00007ffa92800000 - 0x00007ffa93498000 	C:\Program Files\Java\jdk-20\bin\server\jvm.dll
0x00007ffadfe40000 - 0x00007ffadfe49000 	C:\Windows\SYSTEM32\WSOCK32.dll
0x00007ffabc340000 - 0x00007ffabc367000 	C:\Windows\SYSTEM32\WINMM.dll
0x00007ffae5ca0000 - 0x00007ffae5d0b000 	C:\Windows\System32\WS2_32.dll
0x00007ffae2150000 - 0x00007ffae2162000 	C:\Windows\SYSTEM32\kernel.appcore.dll
0x00007ffadd900000 - 0x00007ffadd90a000 	C:\Program Files\Java\jdk-20\bin\jimage.dll
0x00007ffae42a0000 - 0x00007ffae4484000 	C:\Windows\SYSTEM32\DBGHELP.DLL
0x00007ffae40c0000 - 0x00007ffae40f4000 	C:\Windows\SYSTEM32\dbgcore.DLL
0x00007ffae4f90000 - 0x00007ffae5012000 	C:\Windows\System32\bcryptPrimitives.dll
0x00007ffadd990000 - 0x00007ffadd99e000 	C:\Program Files\Java\jdk-20\bin\instrument.dll
0x00007ffa9fda0000 - 0x00007ffa9fdc6000 	C:\Program Files\Java\jdk-20\bin\java.dll
0x00007ffa93ae0000 - 0x00007ffa93bb7000 	C:\Program Files\Java\jdk-20\bin\jsvml.dll
0x00007ffae62d0000 - 0x00007ffae6a14000 	C:\Windows\System32\SHELL32.dll
0x00007ffae2350000 - 0x00007ffae2ae4000 	C:\Windows\SYSTEM32\windows.storage.dll
0x00007ffae6a90000 - 0x00007ffae6de4000 	C:\Windows\System32\combase.dll
0x00007ffae3c50000 - 0x00007ffae3c7e000 	C:\Windows\SYSTEM32\Wldp.dll
0x00007ffae6220000 - 0x00007ffae62cd000 	C:\Windows\System32\SHCORE.dll
0x00007ffae5c40000 - 0x00007ffae5c95000 	C:\Windows\System32\shlwapi.dll
0x00007ffae4840000 - 0x00007ffae4865000 	C:\Windows\SYSTEM32\profapi.dll
0x00007ffab0d30000 - 0x00007ffab0d48000 	C:\Program Files\Java\jdk-20\bin\zip.dll
0x00007ffab0d70000 - 0x00007ffab0d83000 	C:\Program Files\Java\jdk-20\bin\net.dll
0x00007ffada2f0000 - 0x00007ffada3fa000 	C:\Windows\SYSTEM32\WINHTTP.dll
0x00007ffae39a0000 - 0x00007ffae3a0a000 	C:\Windows\system32\mswsock.dll
0x00007ffab0d50000 - 0x00007ffab0d66000 	C:\Program Files\Java\jdk-20\bin\nio.dll
0x00007ffad54c0000 - 0x00007ffad54da000 	C:\Program Files\JetBrains\IntelliJ IDEA 2023.1.4\bin\breakgen64.dll
0x00007ffadd790000 - 0x00007ffadd797000 	C:\Program Files\Java\jdk-20\bin\extnet.dll
0x00007ffad6740000 - 0x00007ffad674a000 	C:\Program Files\Java\jdk-20\bin\management.dll
0x00007ffad6660000 - 0x00007ffad666b000 	C:\Program Files\Java\jdk-20\bin\management_ext.dll
0x00007ffae71e0000 - 0x00007ffae71e8000 	C:\Windows\System32\PSAPI.DLL
0x00007ffae4680000 - 0x00007ffae4698000 	C:\Windows\SYSTEM32\CRYPTSP.dll
0x00007ffae3330000 - 0x00007ffae3364000 	C:\Windows\system32\rsaenh.dll
0x00007ffae4f10000 - 0x00007ffae4f37000 	C:\Windows\System32\bcrypt.dll
0x00007ffae47c0000 - 0x00007ffae47ee000 	C:\Windows\SYSTEM32\USERENV.dll
0x00007ffae3c40000 - 0x00007ffae3c4c000 	C:\Windows\SYSTEM32\CRYPTBASE.dll
0x00007ffae36a0000 - 0x00007ffae36dc000 	C:\Windows\SYSTEM32\IPHLPAPI.DLL
0x00007ffae7140000 - 0x00007ffae7148000 	C:\Windows\System32\NSI.dll
0x00007ffaddbc0000 - 0x00007ffaddbd7000 	C:\Windows\SYSTEM32\dhcpcsvc6.DLL
0x00007ffaddb10000 - 0x00007ffaddb2d000 	C:\Windows\SYSTEM32\dhcpcsvc.DLL
0x00007ffae36e0000 - 0x00007ffae37aa000 	C:\Windows\SYSTEM32\DNSAPI.dll
0x00007ffad58f0000 - 0x00007ffad58fe000 	C:\Program Files\Java\jdk-20\bin\sunmscapi.dll
0x00007ffae50c0000 - 0x00007ffae521e000 	C:\Windows\System32\CRYPT32.dll
0x00007ffae3cc0000 - 0x00007ffae3ce8000 	C:\Windows\SYSTEM32\ncrypt.dll
0x00007ffae3c80000 - 0x00007ffae3cbb000 	C:\Windows\SYSTEM32\NTASN1.dll
0x00007ffadc8c0000 - 0x00007ffadc8d0000 	C:\Program Files\Java\jdk-20\bin\verify.dll
0x0000000061400000 - 0x0000000061426000 	C:\Program Files\Bonjour\mdnsNSP.dll
0x00007ffad46e0000 - 0x00007ffad46ea000 	C:\Windows\System32\rasadhlp.dll
0x00007ffad45f0000 - 0x00007ffad4672000 	C:\Windows\System32\fwpuclnt.dll
0x00007ffac3a50000 - 0x00007ffac3a57000 	C:\Windows\system32\wshunix.dll

dbghelp: loaded successfully - version: 4.0.5 - missing functions: none
symbol engine: initialized successfully - sym options: 0x614 - pdb path: .;C:\Program Files\Java\jdk-20\bin;C:\Windows\SYSTEM32;C:\Windows\WinSxS\amd64_microsoft.windows.common-controls_6595b64144ccf1df_6.0.19041.1110_none_60b5254171f9507e;C:\Program Files\Java\jdk-20\bin\server;C:\Program Files\JetBrains\IntelliJ IDEA 2023.1.4\bin;C:\Program Files\Bonjour

VM Arguments:
jvm_args: -javaagent:C:\Program Files\JetBrains\IntelliJ IDEA 2023.1.4\lib\idea_rt.jar=52750:C:\Program Files\JetBrains\IntelliJ IDEA 2023.1.4\bin -Dfile.encoding=UTF-8 -Dsun.stdout.encoding=UTF-8 -Dsun.stderr.encoding=UTF-8 
java_command: com.example.demo.ProyectoFinalApplication
java_class_path (initial): D:\UNIVERSIDAD\Programacion\PROYECTO\Spring Boot\Proyecto\proyecto_final\target\classes;C:\Users\javie\.m2\repository\org\springframework\boot\spring-boot-devtools\3.1.2\spring-boot-devtools-3.1.2.jar;C:\Users\javie\.m2\repository\org\springframework\boot\spring-boot\3.1.2\spring-boot-3.1.2.jar;C:\Users\javie\.m2\repository\org\springframework\spring-context\6.0.11\spring-context-6.0.11.jar;C:\Users\javie\.m2\repository\org\springframework\boot\spring-boot-autoconfigure\3.1.2\spring-boot-autoconfigure-3.1.2.jar;C:\Users\javie\.m2\repository\org\springframework\boot\spring-boot-starter\3.1.2\spring-boot-starter-3.1.2.jar;C:\Users\javie\.m2\repository\org\springframework\boot\spring-boot-starter-logging\3.1.2\spring-boot-starter-logging-3.1.2.jar;C:\Users\javie\.m2\repository\ch\qos\logback\logback-classic\1.4.8\logback-classic-1.4.8.jar;C:\Users\javie\.m2\repository\ch\qos\logback\logback-core\1.4.8\logback-core-1.4.8.jar;C:\Users\javie\.m2\repository\org\apache\logging\log4j\log4j-to-slf4j\2.20.0\log4j-to-slf4j-2.20.0.jar;C:\Users\javie\.m2\repository\org\apache\logging\log4j\log4j-api\2.20.0\log4j-api-2.20.0.jar;C:\Users\javie\.m2\repository\org\slf4j\jul-to-slf4j\2.0.7\jul-to-slf4j-2.0.7.jar;C:\Users\javie\.m2\repository\jakarta\annotation\jakarta.annotation-api\2.1.1\jakarta.annotation-api-2.1.1.jar;C:\Users\javie\.m2\repository\org\yaml\snakeyaml\1.33\snakeyaml-1.33.jar;C:\Users\javie\.m2\repository\org\slf4j\slf4j-api\2.0.7\slf4j-api-2.0.7.jar;C:\Users\javie\.m2\repository\jakarta\xml\bind\jakarta.xml.bind-api\4.0.0\jakarta.xml.bind-api-4.0.0.jar;C:\Users\javie\.m2\repository\jakarta\activation\jakarta.activation-api\2.1.2\jakarta.activation-api-2.1.2.jar;C:\Users\javie\.m2\repository\net\bytebuddy\byte-buddy\1.14.5\byte-buddy-1.14.5.jar;C:\Users\javie\.m2\repository\org\springframework\spring-core\6.0.11\spring-core-6.0.11.jar;C:\Users\javie\.m2\repository\org\springframework\spring-jcl\6.0.11\spring-jcl-6.0.11.jar;C:\Users\javie\.m2\repository\com\github\ydespreaux\spring\data\spring-data-jpa\0.0.3\spring-data-jpa-0.0.3.jar;C:\Users\javie\.m2\repository\com\github\ydespreaux\spring\data\spring-data-commons\0.0.3\spring-data-commons-0.0.3.jar;C:\Users\javie\.m2\repository\org\springframework\data\spring-data-commons\3.1.2\spring-data-commons-3.1.2.jar;C:\Users\javie\.m2\repository\org\springframework\boot\spring-boot-starter-data-jpa\3.1.2\spring-boot-starter-data-jpa-3.1.2.jar;C:\Users\javie\.m2\repository\org\springframework\boot\spring-boot-starter-aop\3.1.2\spring-boot-starter-aop-3.1.2.jar;C:\Users\javie\.m2\repository\org\aspectj\aspectjweaver\1.9.19\aspectjweaver-1.9.19.jar;C:\Users\javie\.m2\repository\org\springframework\boot\spring-boot-starter-jdbc\3.1.2\spring-boot-starter-jdbc-3.1.2.jar;C:\Users\javie\.m2\repository\com\zaxxer\HikariCP\5.0.1\HikariCP-5.0.1.jar;C:\Users\javie\.m2\repository\org\springframework\spring-jdbc\6.0.11\spring-jdbc-6.0.11.jar;C:\Users\javie\.m2\repository\org\hibernate\orm\hibernate-core\6.2.6.Final\hibernate-core-6.2.6.Final.jar;C:\Users\javie\.m2\repository\jakarta\persistence\jakarta.persistence-api\3.1.0\jakarta.persistence-api-3.1.0.jar;C:\Users\javie\.m2\repository\jakarta\transaction\jakarta.transaction-api\2.0.1\jakarta.transaction-api-2.0.1.jar;C:\Users\javie\.m2\repository\org\jboss\logging\jboss-logging\3.5.3.Final\jboss-logging-3.5.3.Final.jar;C:\Users\javie\.m2\repository\org\hibernate\common\hibernate-commons-annotations\6.0.6.Final\hibernate-commons-annotations-6.0.6.Final.jar;C:\Users\javie\.m2\repository\io\smallrye\jandex\3.0.5\jandex-3.0.5.jar;C:\Users\javie\.m2\repository\com\fasterxml\classmate\1.5.1\classmate-1.5.1.jar;C:\Users\javie\.m2\repository\org\glassfish\jaxb\jaxb-runtime\4.0.3\jaxb-runtime-4.0.3.jar;C:\Users\javie\.m2\repository\org\glassfish\jaxb\jaxb-core\4.0.3\jaxb-core-4.0.3.jar;C:\Users\javie\.m2\repository\org\eclipse\angus\angus-activation\2.0.1\angus-activation-2.0.1.jar;C:\Users\javie\.m2\repository\org\glassfish\jaxb\txw2\4.0.3\txw2-4.0.3.jar;C:\Users\javie\.m2\repository\com\sun\istack\istack-commons-runtime\4.1.2\istack-commons-runtime-4.1.2.jar;C:\Users\javie\.m2\repository\jakarta\inject\jakarta.inject-api\2.0.1\jakarta.inject-api-2.0.1.jar;C:\Users\javie\.m2\repository\org\antlr\antlr4-runtime\4.10.1\antlr4-runtime-4.10.1.jar;C:\Users\javie\.m2\repository\org\springframework\data\spring-data-jpa\3.1.2\spring-data-jpa-3.1.2.jar;C:\Users\javie\.m2\repository\org\springframework\spring-orm\6.0.11\spring-orm-6.0.11.jar;C:\Users\javie\.m2\repository\org\springframework\spring-tx\6.0.11\spring-tx-6.0.11.jar;C:\Users\javie\.m2\repository\org\springframework\spring-aspects\6.0.11\spring-aspects-6.0.11.jar;C:\Users\javie\.m2\repository\org\projectlombok\lombok\1.18.28\lombok-1.18.28.jar;C:\Users\javie\.m2\repository\com\mysql\mysql-connector-j\8.0.32\mysql-connector-j-8.0.32.jar;C:\Users\javie\.m2\repository\org\springframework\boot\spring-boot-starter-thymeleaf\3.1.2\spring-boot-starter-thymeleaf-3.1.2.jar;C:\Users\javie\.m2\repository\org\thymeleaf\thymeleaf-spring6\3.1.1.RELEASE\thymeleaf-spring6-3.1.1.RELEASE.jar;C:\Users\javie\.m2\repository\org\thymeleaf\thymeleaf\3.1.1.RELEASE\thymeleaf-3.1.1.RELEASE.jar;C:\Users\javie\.m2\repository\org\attoparser\attoparser\2.0.6.RELEASE\attoparser-2.0.6.RELEASE.jar;C:\Users\javie\.m2\repository\org\unbescape\unbescape\1.1.6.RELEASE\unbescape-1.1.6.RELEASE.jar;C:\Users\javie\.m2\repository\org\springframework\boot\spring-boot-starter-web\3.1.2\spring-boot-starter-web-3.1.2.jar;C:\Users\javie\.m2\repository\org\springframework\boot\spring-boot-starter-json\3.1.2\spring-boot-starter-json-3.1.2.jar;C:\Users\javie\.m2\repository\com\fasterxml\jackson\core\jackson-databind\2.15.2\jackson-databind-2.15.2.jar;C:\Users\javie\.m2\repository\com\fasterxml\jackson\core\jackson-annotations\2.15.2\jackson-annotations-2.15.2.jar;C:\Users\javie\.m2\repository\com\fasterxml\jackson\core\jackson-core\2.15.2\jackson-core-2.15.2.jar;C:\Users\javie\.m2\repository\com\fasterxml\jackson\datatype\jackson-datatype-jdk8\2.15.2\jackson-datatype-jdk8-2.15.2.jar;C:\Users\javie\.m2\repository\com\fasterxml\jackson\datatype\jackson-datatype-jsr310\2.15.2\jackson-datatype-jsr310-2.15.2.jar;C:\Users\javie\.m2\repository\com\fasterxml\jackson\module\jackson-module-parameter-names\2.15.2\jackson-module-parameter-names-2.15.2.jar;C:\Users\javie\.m2\repository\org\springframework\boot\spring-boot-starter-tomcat\3.1.2\spring-boot-starter-tomcat-3.1.2.jar;C:\Users\javie\.m2\repository\org\apache\tomcat\embed\tomcat-embed-core\10.1.11\tomcat-embed-core-10.1.11.jar;C:\Users\javie\.m2\repository\org\apache\tomcat\embed\tomcat-embed-el\10.1.11\tomcat-embed-el-10.1.11.jar;C:\Users\javie\.m2\repository\org\apache\tomcat\embed\tomcat-embed-websocket\10.1.11\tomcat-embed-websocket-10.1.11.jar;C:\Users\javie\.m2\repository\org\springframework\spring-web\6.0.11\spring-web-6.0.11.jar;C:\Users\javie\.m2\repository\org\springframework\spring-beans\6.0.11\spring-beans-6.0.11.jar;C:\Users\javie\.m2\repository\io\micrometer\micrometer-observation\1.11.2\micrometer-observation-1.11.2.jar;C:\Users\javie\.m2\repository\io\micrometer\micrometer-commons\1.11.2\micrometer-commons-1.11.2.jar;C:\Users\javie\.m2\repository\org\springframework\spring-webmvc\6.0.11\spring-webmvc-6.0.11.jar;C:\Users\javie\.m2\repository\org\springframework\spring-aop\6.0.11\spring-aop-6.0.11.jar;C:\Users\javie\.m2\repository\org\springframework\spring-expression\6.0.11\spring-expression-6.0.11.jar;C:\Users\javie\.m2\repository\com\google\code\gson\gson\2.8.9\gson-2.8.9.jar
Launcher Type: SUN_STANDARD

[Global flags]
     intx CICompilerCount                          = 4                                         {product} {ergonomic}
     uint ConcGCThreads                            = 2                                         {product} {ergonomic}
     uint G1ConcRefinementThreads                  = 8                                         {product} {ergonomic}
   size_t G1HeapRegionSize                         = 2097152                                   {product} {ergonomic}
    uintx GCDrainStackTargetSize                   = 64                                        {product} {ergonomic}
   size_t InitialHeapSize                          = 201326592                                 {product} {ergonomic}
   size_t MarkStackSize                            = 4194304                                   {product} {ergonomic}
   size_t MaxHeapSize                              = 3191865344                                {product} {ergonomic}
   size_t MaxNewSize                               = 1914699776                                {product} {ergonomic}
   size_t MinHeapDeltaBytes                        = 2097152                                   {product} {ergonomic}
   size_t MinHeapSize                              = 8388608                                   {product} {ergonomic}
    uintx NonNMethodCodeHeapSize                   = 5839372                                {pd product} {ergonomic}
    uintx NonProfiledCodeHeapSize                  = 122909434                              {pd product} {ergonomic}
    uintx ProfiledCodeHeapSize                     = 122909434                              {pd product} {ergonomic}
    uintx ReservedCodeCacheSize                    = 251658240                              {pd product} {ergonomic}
     bool SegmentedCodeCache                       = true                                      {product} {ergonomic}
   size_t SoftMaxHeapSize                          = 3191865344                             {manageable} {ergonomic}
     bool UseCompressedClassPointers               = true                           {product lp64_product} {ergonomic}
     bool UseCompressedOops                        = true                           {product lp64_product} {ergonomic}
     bool UseG1GC                                  = true                                      {product} {ergonomic}
     bool UseLargePagesIndividualAllocation        = false                                  {pd product} {ergonomic}

Logging:
Log output configuration:
 #0: stdout all=warning uptime,level,tags foldmultilines=false
 #1: stderr all=off uptime,level,tags foldmultilines=false

Environment Variables:
PATH=C:\Program Files\Common Files\Oracle\Java\javapath;C:\Windows\system32;C:\Windows;C:\Windows\System32\Wbem;C:\Windows\System32\WindowsPowerShell\v1.0\;C:\Windows\System32\OpenSSH\;C:\Program Files\Git\cmd;C:\Program Files\nodejs\;C:\Program Files\Microsoft SQL Server\150\Tools\Binn\;C:\Program Files\Microsoft SQL Server\Client SDK\ODBC\170\Tools\Binn\;C:\Program Files\dotnet\;C:\Users\javie\AppData\Local\Microsoft\WindowsApps;;D:\SistemaApps\Microsoft VS Code\bin;C:\Users\javie\AppData\Roaming\npm;C:\Users\javie\.dotnet\tools;C:\Program Files\JetBrains\IntelliJ IDEA 2023.1.4\bin;
USERNAME=javie
OS=Windows_NT
PROCESSOR_IDENTIFIER=Intel64 Family 6 Model 158 Stepping 9, GenuineIntel
TMP=C:\Users\javie\AppData\Local\Temp
TEMP=C:\Users\javie\AppData\Local\Temp




---------------  S Y S T E M  ---------------

OS:
 Windows 10 , 64 bit Build 19041 (10.0.19041.3155)
OS uptime: 2 days 3:58 hours

CPU: total 8 (initial active 8) (4 cores per cpu, 2 threads per core) family 6 model 158 stepping 9 microcode 0xb4, cx8, cmov, fxsr, ht, mmx, 3dnowpref, sse, sse2, sse3, ssse3, sse4.1, sse4.2, popcnt, lzcnt, tsc, tscinvbit, avx, avx2, aes, erms, clmul, bmi1, bmi2, adx, fma, vzeroupper, clflush, clflushopt, rdtscp, f16c

Memory: 4k page, system-wide physical 12172M (4297M free)
TotalPageFile size 14220M (AvailPageFile size 5M)
current process WorkingSet (physical memory assigned to process): 254M, peak: 263M
current process commit charge ("private bytes"): 293M, peak: 340M

vm_info: Java HotSpot(TM) 64-Bit Server VM (20.0.2+9-78) for windows-amd64 JRE (20.0.2+9-78), built on 2023-06-14T10:08:48Z by "mach5one" with MS VC++ 17.1 (VS2022)

END.
